{"uid":"3a45d5e9fccf6feb","name":"Неуспешное обновление имени, имя уже существует","fullName":"api.buildType.UpdateBuildTypeTest.userCanNotUpdateBuildTypeName","historyId":"f12ec52b227962351fbb9f6d72b5c7a0","time":{"start":1768583478225,"stop":1768583478856,"duration":631},"description":"","status":"failed","statusMessage":"1 expectation failed.\nExpected status code <400> but was <404>.\n","statusTrace":"java.lang.AssertionError: 1 expectation failed.\nExpected status code <400> but was <404>.\n\n\tat java.base/jdk.internal.reflect.DirectConstructorHandleAccessor.newInstance(DirectConstructorHandleAccessor.java:62)\n\tat java.base/java.lang.reflect.Constructor.newInstanceWithCaller(Constructor.java:502)\n\tat java.base/java.lang.reflect.Constructor.newInstance(Constructor.java:486)\n\tat org.codehaus.groovy.reflection.CachedConstructor.invoke(CachedConstructor.java:73)\n\tat org.codehaus.groovy.runtime.callsite.ConstructorSite$ConstructorSiteNoUnwrapNoCoerce.callConstructor(ConstructorSite.java:108)\n\tat org.codehaus.groovy.runtime.callsite.AbstractCallSite.callConstructor(AbstractCallSite.java:277)\n\tat io.restassured.internal.ResponseSpecificationImpl$HamcrestAssertionClosure.validate(ResponseSpecificationImpl.groovy:512)\n\tat io.restassured.internal.ResponseSpecificationImpl$HamcrestAssertionClosure$validate$1.call(Unknown Source)\n\tat io.restassured.internal.ResponseSpecificationImpl.validate(ResponseSpecificationImpl.groovy:101)\n\tat io.restassured.internal.ValidatableResponseOptionsImpl.spec(ValidatableResponseOptionsImpl.java:288)\n\tat api.requests.skelethon.requesters.CrudRequester.lambda$put$7(CrudRequester.java:145)\n\tat common.helpers.StepLogger.lambda$log$0(StepLogger.java:24)\n\tat io.qameta.allure.Allure.lambda$step$1(Allure.java:127)\n\tat io.qameta.allure.Allure.step(Allure.java:181)\n\tat io.qameta.allure.Allure.step(Allure.java:125)\n\tat common.helpers.StepLogger.log(StepLogger.java:23)\n\tat api.requests.skelethon.requesters.CrudRequester.put(CrudRequester.java:138)\n\tat api.buildType.UpdateBuildTypeTest.userCanNotUpdateBuildTypeName(UpdateBuildTypeTest.java:57)\n\tat java.base/java.lang.reflect.Method.invoke(Method.java:580)\n\tat java.base/java.util.ArrayList.forEach(ArrayList.java:1596)\n\tat java.base/java.util.ArrayList.forEach(ArrayList.java:1596)\n","flaky":false,"newFailed":false,"newBroken":false,"newPassed":false,"retriesCount":0,"retriesStatusChange":false,"beforeStages":[],"testStage":{"description":"","status":"failed","statusMessage":"1 expectation failed.\nExpected status code <400> but was <404>.\n","statusTrace":"java.lang.AssertionError: 1 expectation failed.\nExpected status code <400> but was <404>.\n\n\tat java.base/jdk.internal.reflect.DirectConstructorHandleAccessor.newInstance(DirectConstructorHandleAccessor.java:62)\n\tat java.base/java.lang.reflect.Constructor.newInstanceWithCaller(Constructor.java:502)\n\tat java.base/java.lang.reflect.Constructor.newInstance(Constructor.java:486)\n\tat org.codehaus.groovy.reflection.CachedConstructor.invoke(CachedConstructor.java:73)\n\tat org.codehaus.groovy.runtime.callsite.ConstructorSite$ConstructorSiteNoUnwrapNoCoerce.callConstructor(ConstructorSite.java:108)\n\tat org.codehaus.groovy.runtime.callsite.AbstractCallSite.callConstructor(AbstractCallSite.java:277)\n\tat io.restassured.internal.ResponseSpecificationImpl$HamcrestAssertionClosure.validate(ResponseSpecificationImpl.groovy:512)\n\tat io.restassured.internal.ResponseSpecificationImpl$HamcrestAssertionClosure$validate$1.call(Unknown Source)\n\tat io.restassured.internal.ResponseSpecificationImpl.validate(ResponseSpecificationImpl.groovy:101)\n\tat io.restassured.internal.ValidatableResponseOptionsImpl.spec(ValidatableResponseOptionsImpl.java:288)\n\tat api.requests.skelethon.requesters.CrudRequester.lambda$put$7(CrudRequester.java:145)\n\tat common.helpers.StepLogger.lambda$log$0(StepLogger.java:24)\n\tat io.qameta.allure.Allure.lambda$step$1(Allure.java:127)\n\tat io.qameta.allure.Allure.step(Allure.java:181)\n\tat io.qameta.allure.Allure.step(Allure.java:125)\n\tat common.helpers.StepLogger.log(StepLogger.java:23)\n\tat api.requests.skelethon.requesters.CrudRequester.put(CrudRequester.java:138)\n\tat api.buildType.UpdateBuildTypeTest.userCanNotUpdateBuildTypeName(UpdateBuildTypeTest.java:57)\n\tat java.base/java.lang.reflect.Method.invoke(Method.java:580)\n\tat java.base/java.util.ArrayList.forEach(ArrayList.java:1596)\n\tat java.base/java.util.ArrayList.forEach(ArrayList.java:1596)\n","steps":[{"name":"POST запрос /users","time":{"start":1768583478228,"stop":1768583478276,"duration":48},"status":"passed","steps":[],"attachments":[{"uid":"16a06dc046aa3447","name":"Request","source":"16a06dc046aa3447.html","type":"text/html","size":965},{"uid":"61b0a6c717721aab","name":"HTTP/1.1 200 ","source":"61b0a6c717721aab.html","type":"text/html","size":2052}],"parameters":[],"stepsCount":0,"shouldDisplayMessage":false,"attachmentsCount":2,"hasContent":true,"attachmentStep":false},{"name":"POST запрос /users/{id}/roles {id=137}","time":{"start":1768583478277,"stop":1768583478296,"duration":19},"status":"passed","steps":[],"attachments":[{"uid":"1fe66fdaf21eb520","name":"Request","source":"1fe66fdaf21eb520.html","type":"text/html","size":877},{"uid":"dc9acd5414287851","name":"HTTP/1.1 200 ","source":"dc9acd5414287851.html","type":"text/html","size":750}],"parameters":[],"stepsCount":0,"shouldDisplayMessage":false,"attachmentsCount":2,"hasContent":true,"attachmentStep":false},{"name":"POST запрос /users/{id}/tokens {id=137}","time":{"start":1768583478297,"stop":1768583478329,"duration":32},"status":"passed","steps":[],"attachments":[{"uid":"d09cf8b95c8505a","name":"Request","source":"d09cf8b95c8505a.html","type":"text/html","size":731},{"uid":"1f85d639133a1b80","name":"HTTP/1.1 200 ","source":"1f85d639133a1b80.html","type":"text/html","size":825}],"parameters":[],"stepsCount":0,"shouldDisplayMessage":false,"attachmentsCount":2,"hasContent":true,"attachmentStep":false},{"name":"POST запрос /users","time":{"start":1768583478403,"stop":1768583478439,"duration":36},"status":"passed","steps":[],"attachments":[{"uid":"a0e625364c6a9b61","name":"Request","source":"a0e625364c6a9b61.html","type":"text/html","size":965},{"uid":"c3eb2c05f60c0a3","name":"HTTP/1.1 200 ","source":"c3eb2c05f60c0a3.html","type":"text/html","size":2052}],"parameters":[],"stepsCount":0,"shouldDisplayMessage":false,"attachmentsCount":2,"hasContent":true,"attachmentStep":false},{"name":"POST запрос /users/{id}/roles {id=138}","time":{"start":1768583478443,"stop":1768583478475,"duration":32},"status":"passed","steps":[],"attachments":[{"uid":"fa4cf0f036ee7071","name":"Request","source":"fa4cf0f036ee7071.html","type":"text/html","size":877},{"uid":"77c2430926e91815","name":"HTTP/1.1 200 ","source":"77c2430926e91815.html","type":"text/html","size":750}],"parameters":[],"stepsCount":0,"shouldDisplayMessage":false,"attachmentsCount":2,"hasContent":true,"attachmentStep":false},{"name":"POST запрос /users/{id}/tokens {id=138}","time":{"start":1768583478476,"stop":1768583478525,"duration":49},"status":"passed","steps":[],"attachments":[{"uid":"fe9679bd069ae86a","name":"Request","source":"fe9679bd069ae86a.html","type":"text/html","size":731},{"uid":"d0bf59ef87a73353","name":"HTTP/1.1 200 ","source":"d0bf59ef87a73353.html","type":"text/html","size":825}],"parameters":[],"stepsCount":0,"shouldDisplayMessage":false,"attachmentsCount":2,"hasContent":true,"attachmentStep":false},{"name":"POST запрос /projects","time":{"start":1768583478606,"stop":1768583478651,"duration":45},"status":"passed","steps":[],"attachments":[{"uid":"abe57682f119a77a","name":"Request","source":"abe57682f119a77a.html","type":"text/html","size":1189},{"uid":"44dc588dc7dfedb9","name":"HTTP/1.1 200 ","source":"44dc588dc7dfedb9.html","type":"text/html","size":2137}],"parameters":[],"stepsCount":0,"shouldDisplayMessage":false,"attachmentsCount":2,"hasContent":true,"attachmentStep":false},{"name":"POST запрос /buildTypes","time":{"start":1768583478657,"stop":1768583478690,"duration":33},"status":"passed","steps":[],"attachments":[{"uid":"53e5cc1a59d86391","name":"Request","source":"53e5cc1a59d86391.html","type":"text/html","size":1263},{"uid":"c2adeb1ccfd57dfe","name":"HTTP/1.1 200 ","source":"c2adeb1ccfd57dfe.html","type":"text/html","size":3275}],"parameters":[],"stepsCount":0,"shouldDisplayMessage":false,"attachmentsCount":2,"hasContent":true,"attachmentStep":false},{"name":"POST запрос /buildTypes","time":{"start":1768583478691,"stop":1768583478721,"duration":30},"status":"passed","steps":[],"attachments":[{"uid":"1047de1a4f53563c","name":"Request","source":"1047de1a4f53563c.html","type":"text/html","size":1263},{"uid":"9f070576383d1471","name":"HTTP/1.1 200 ","source":"9f070576383d1471.html","type":"text/html","size":3275}],"parameters":[],"stepsCount":0,"shouldDisplayMessage":false,"attachmentsCount":2,"hasContent":true,"attachmentStep":false},{"name":"GET запрос /buildTypes/{id} {id=JWbvmkchJfvVWmgDoGXc_NewBuildNameZXYHOh}","time":{"start":1768583478722,"stop":1768583478737,"duration":15},"status":"passed","steps":[],"attachments":[{"uid":"9241da00bead6c2d","name":"Request","source":"9241da00bead6c2d.html","type":"text/html","size":884},{"uid":"fa8c3110c9d82378","name":"HTTP/1.1 200 ","source":"fa8c3110c9d82378.html","type":"text/html","size":3275}],"parameters":[],"stepsCount":0,"shouldDisplayMessage":false,"attachmentsCount":2,"hasContent":true,"attachmentStep":false},{"name":"PUT запрос /buildTypes/{id}/name {id=JWbvmkchJfvVWmgDoGXc_NewBuildNameukhstU}","time":{"start":1768583478738,"stop":1768583478774,"duration":36},"status":"failed","statusMessage":"1 expectation failed.\nExpected status code <400> but was <404>.\n","statusTrace":"java.lang.AssertionError: 1 expectation failed.\nExpected status code <400> but was <404>.\n\n\tat java.base/jdk.internal.reflect.DirectConstructorHandleAccessor.newInstance(DirectConstructorHandleAccessor.java:62)\n\tat java.base/java.lang.reflect.Constructor.newInstanceWithCaller(Constructor.java:502)\n\tat java.base/java.lang.reflect.Constructor.newInstance(Constructor.java:486)\n\tat org.codehaus.groovy.reflection.CachedConstructor.invoke(CachedConstructor.java:73)\n\tat org.codehaus.groovy.runtime.callsite.ConstructorSite$ConstructorSiteNoUnwrapNoCoerce.callConstructor(ConstructorSite.java:108)\n\tat org.codehaus.groovy.runtime.callsite.AbstractCallSite.callConstructor(AbstractCallSite.java:277)\n\tat io.restassured.internal.ResponseSpecificationImpl$HamcrestAssertionClosure.validate(ResponseSpecificationImpl.groovy:512)\n\tat io.restassured.internal.ResponseSpecificationImpl$HamcrestAssertionClosure$validate$1.call(Unknown Source)\n\tat io.restassured.internal.ResponseSpecificationImpl.validate(ResponseSpecificationImpl.groovy:101)\n\tat io.restassured.internal.ValidatableResponseOptionsImpl.spec(ValidatableResponseOptionsImpl.java:288)\n\tat api.requests.skelethon.requesters.CrudRequester.lambda$put$7(CrudRequester.java:145)\n\tat common.helpers.StepLogger.lambda$log$0(StepLogger.java:24)\n\tat io.qameta.allure.Allure.lambda$step$1(Allure.java:127)\n\tat io.qameta.allure.Allure.step(Allure.java:181)\n\tat io.qameta.allure.Allure.step(Allure.java:125)\n\tat common.helpers.StepLogger.log(StepLogger.java:23)\n\tat api.requests.skelethon.requesters.CrudRequester.put(CrudRequester.java:138)\n\tat api.buildType.UpdateBuildTypeTest.userCanNotUpdateBuildTypeName(UpdateBuildTypeTest.java:57)\n\tat java.base/jdk.internal.reflect.DirectMethodHandleAccessor.invoke(DirectMethodHandleAccessor.java:103)\n\tat java.base/java.lang.reflect.Method.invoke(Method.java:580)\n\tat org.junit.platform.commons.util.ReflectionUtils.invokeMethod(ReflectionUtils.java:728)\n\tat org.junit.jupiter.engine.execution.MethodInvocation.proceed(MethodInvocation.java:60)\n\tat org.junit.jupiter.engine.execution.InvocationInterceptorChain$ValidatingInvocation.proceed(InvocationInterceptorChain.java:131)\n\tat org.junit.jupiter.engine.extension.TimeoutExtension.intercept(TimeoutExtension.java:156)\n\tat org.junit.jupiter.engine.extension.TimeoutExtension.interceptTestableMethod(TimeoutExtension.java:147)\n\tat org.junit.jupiter.engine.extension.TimeoutExtension.interceptTestMethod(TimeoutExtension.java:86)\n\tat org.junit.jupiter.engine.execution.InterceptingExecutableInvoker$ReflectiveInterceptorCall.lambda$ofVoidMethod$0(InterceptingExecutableInvoker.java:103)\n\tat org.junit.jupiter.engine.execution.InterceptingExecutableInvoker.lambda$invoke$0(InterceptingExecutableInvoker.java:93)\n\tat org.junit.jupiter.engine.execution.InvocationInterceptorChain$InterceptedInvocation.proceed(InvocationInterceptorChain.java:106)\n\tat org.junit.jupiter.engine.execution.InvocationInterceptorChain.proceed(InvocationInterceptorChain.java:64)\n\tat org.junit.jupiter.engine.execution.InvocationInterceptorChain.chainAndInvoke(InvocationInterceptorChain.java:45)\n\tat org.junit.jupiter.engine.execution.InvocationInterceptorChain.invoke(InvocationInterceptorChain.java:37)\n\tat org.junit.jupiter.engine.execution.InterceptingExecutableInvoker.invoke(InterceptingExecutableInvoker.java:92)\n\tat org.junit.jupiter.engine.execution.InterceptingExecutableInvoker.invoke(InterceptingExecutableInvoker.java:86)\n\tat org.junit.jupiter.engine.descriptor.TestMethodTestDescriptor.lambda$invokeTestMethod$7(TestMethodTestDescriptor.java:218)\n\tat org.junit.platform.engine.support.hierarchical.ThrowableCollector.execute(ThrowableCollector.java:73)\n\tat org.junit.jupiter.engine.descriptor.TestMethodTestDescriptor.invokeTestMethod(TestMethodTestDescriptor.java:214)\n\tat org.junit.jupiter.engine.descriptor.TestMethodTestDescriptor.execute(TestMethodTestDescriptor.java:139)\n\tat org.junit.jupiter.engine.descriptor.TestMethodTestDescriptor.execute(TestMethodTestDescriptor.java:69)\n\tat org.junit.platform.engine.support.hierarchical.NodeTestTask.lambda$executeRecursively$6(NodeTestTask.java:151)\n\tat org.junit.platform.engine.support.hierarchical.ThrowableCollector.execute(ThrowableCollector.java:73)\n\tat org.junit.platform.engine.support.hierarchical.NodeTestTask.lambda$executeRecursively$8(NodeTestTask.java:141)\n\tat org.junit.platform.engine.support.hierarchical.Node.around(Node.java:137)\n\tat org.junit.platform.engine.support.hierarchical.NodeTestTask.lambda$executeRecursively$9(NodeTestTask.java:139)\n\tat org.junit.platform.engine.support.hierarchical.ThrowableCollector.execute(ThrowableCollector.java:73)\n\tat org.junit.platform.engine.support.hierarchical.NodeTestTask.executeRecursively(NodeTestTask.java:138)\n\tat org.junit.platform.engine.support.hierarchical.NodeTestTask.execute(NodeTestTask.java:95)\n\tat java.base/java.util.ArrayList.forEach(ArrayList.java:1596)\n\tat org.junit.platform.engine.support.hierarchical.SameThreadHierarchicalTestExecutorService.invokeAll(SameThreadHierarchicalTestExecutorService.java:41)\n\tat org.junit.platform.engine.support.hierarchical.NodeTestTask.lambda$executeRecursively$6(NodeTestTask.java:155)\n\tat org.junit.platform.engine.support.hierarchical.ThrowableCollector.execute(ThrowableCollector.java:73)\n\tat org.junit.platform.engine.support.hierarchical.NodeTestTask.lambda$executeRecursively$8(NodeTestTask.java:141)\n\tat org.junit.platform.engine.support.hierarchical.Node.around(Node.java:137)\n\tat org.junit.platform.engine.support.hierarchical.NodeTestTask.lambda$executeRecursively$9(NodeTestTask.java:139)\n\tat org.junit.platform.engine.support.hierarchical.ThrowableCollector.execute(ThrowableCollector.java:73)\n\tat org.junit.platform.engine.support.hierarchical.NodeTestTask.executeRecursively(NodeTestTask.java:138)\n\tat org.junit.platform.engine.support.hierarchical.NodeTestTask.execute(NodeTestTask.java:95)\n\tat java.base/java.util.ArrayList.forEach(ArrayList.java:1596)\n\tat org.junit.platform.engine.support.hierarchical.SameThreadHierarchicalTestExecutorService.invokeAll(SameThreadHierarchicalTestExecutorService.java:41)\n\tat org.junit.platform.engine.support.hierarchical.NodeTestTask.lambda$executeRecursively$6(NodeTestTask.java:155)\n\tat org.junit.platform.engine.support.hierarchical.ThrowableCollector.execute(ThrowableCollector.java:73)\n\tat org.junit.platform.engine.support.hierarchical.NodeTestTask.lambda$executeRecursively$8(NodeTestTask.java:141)\n\tat org.junit.platform.engine.support.hierarchical.Node.around(Node.java:137)\n\tat org.junit.platform.engine.support.hierarchical.NodeTestTask.lambda$executeRecursively$9(NodeTestTask.java:139)\n\tat org.junit.platform.engine.support.hierarchical.ThrowableCollector.execute(ThrowableCollector.java:73)\n\tat org.junit.platform.engine.support.hierarchical.NodeTestTask.executeRecursively(NodeTestTask.java:138)\n\tat org.junit.platform.engine.support.hierarchical.NodeTestTask.execute(NodeTestTask.java:95)\n\tat org.junit.platform.engine.support.hierarchical.SameThreadHierarchicalTestExecutorService.submit(SameThreadHierarchicalTestExecutorService.java:35)\n\tat org.junit.platform.engine.support.hierarchical.HierarchicalTestExecutor.execute(HierarchicalTestExecutor.java:57)\n\tat org.junit.platform.engine.support.hierarchical.HierarchicalTestEngine.execute(HierarchicalTestEngine.java:54)\n\tat org.junit.platform.launcher.core.EngineExecutionOrchestrator.execute(EngineExecutionOrchestrator.java:198)\n\tat org.junit.platform.launcher.core.EngineExecutionOrchestrator.execute(EngineExecutionOrchestrator.java:169)\n\tat org.junit.platform.launcher.core.EngineExecutionOrchestrator.execute(EngineExecutionOrchestrator.java:93)\n\tat org.junit.platform.launcher.core.EngineExecutionOrchestrator.lambda$execute$0(EngineExecutionOrchestrator.java:58)\n\tat org.junit.platform.launcher.core.EngineExecutionOrchestrator.withInterceptedStreams(EngineExecutionOrchestrator.java:141)\n\tat org.junit.platform.launcher.core.EngineExecutionOrchestrator.execute(EngineExecutionOrchestrator.java:57)\n\tat org.junit.platform.launcher.core.DefaultLauncher.execute(DefaultLauncher.java:103)\n\tat org.junit.platform.launcher.core.DefaultLauncher.execute(DefaultLauncher.java:85)\n\tat org.junit.platform.launcher.core.DelegatingLauncher.execute(DelegatingLauncher.java:47)\n\tat org.apache.maven.surefire.junitplatform.LazyLauncher.execute(LazyLauncher.java:56)\n\tat org.apache.maven.surefire.junitplatform.JUnitPlatformProvider.execute(JUnitPlatformProvider.java:184)\n\tat org.apache.maven.surefire.junitplatform.JUnitPlatformProvider.invokeAllTests(JUnitPlatformProvider.java:148)\n\tat org.apache.maven.surefire.junitplatform.JUnitPlatformProvider.invoke(JUnitPlatformProvider.java:122)\n\tat org.apache.maven.surefire.booter.ForkedBooter.runSuitesInProcess(ForkedBooter.java:385)\n\tat org.apache.maven.surefire.booter.ForkedBooter.execute(ForkedBooter.java:162)\n\tat org.apache.maven.surefire.booter.ForkedBooter.run(ForkedBooter.java:507)\n\tat org.apache.maven.surefire.booter.ForkedBooter.main(ForkedBooter.java:495)\n","steps":[],"attachments":[],"parameters":[],"stepsCount":0,"shouldDisplayMessage":true,"attachmentsCount":0,"hasContent":true,"attachmentStep":false},{"name":"DELETE запрос /projects/{id} {id=JWbvmkchJfvVWmgDoGXc}","time":{"start":1768583478774,"stop":1768583478822,"duration":48},"status":"passed","steps":[],"attachments":[{"uid":"5b99cc5b2ba245bb","name":"Request","source":"5b99cc5b2ba245bb.html","type":"text/html","size":554},{"uid":"7ac924614f8f5ed9","name":"HTTP/1.1 204 ","source":"7ac924614f8f5ed9.html","type":"text/html","size":478}],"parameters":[],"stepsCount":0,"shouldDisplayMessage":false,"attachmentsCount":2,"hasContent":true,"attachmentStep":false},{"name":"DELETE запрос /users/{id} {id=138}","time":{"start":1768583478822,"stop":1768583478838,"duration":16},"status":"passed","steps":[],"attachments":[{"uid":"9b6eb2459d5c49df","name":"Request","source":"9b6eb2459d5c49df.html","type":"text/html","size":520},{"uid":"8207b9df68cf8a41","name":"HTTP/1.1 204 ","source":"8207b9df68cf8a41.html","type":"text/html","size":478}],"parameters":[],"stepsCount":0,"shouldDisplayMessage":false,"attachmentsCount":2,"hasContent":true,"attachmentStep":false},{"name":"DELETE запрос /users/{id} {id=137}","time":{"start":1768583478838,"stop":1768583478852,"duration":14},"status":"passed","steps":[],"attachments":[{"uid":"f4ca68939585a9fc","name":"Request","source":"f4ca68939585a9fc.html","type":"text/html","size":520},{"uid":"e4854140d45b60f7","name":"HTTP/1.1 204 ","source":"e4854140d45b60f7.html","type":"text/html","size":478}],"parameters":[],"stepsCount":0,"shouldDisplayMessage":false,"attachmentsCount":2,"hasContent":true,"attachmentStep":false}],"attachments":[{"uid":"f41b8262f41eb816","name":"Request","source":"f41b8262f41eb816.html","type":"text/html","size":472},{"uid":"c15c75f5de37cc8d","name":"HTTP/1.1 200 ","source":"c15c75f5de37cc8d.html","type":"text/html","size":78980},{"uid":"5ccd132baa090084","name":"Request","source":"5ccd132baa090084.html","type":"text/html","size":472},{"uid":"6e179575d6cd02ea","name":"HTTP/1.1 200 ","source":"6e179575d6cd02ea.html","type":"text/html","size":78980}],"parameters":[],"stepsCount":14,"shouldDisplayMessage":false,"attachmentsCount":30,"hasContent":true,"attachmentStep":false},"afterStages":[],"labels":[{"name":"junit.platform.uniqueid","value":"[engine:junit-jupiter]/[class:api.buildType.UpdateBuildTypeTest]/[method:userCanNotUpdateBuildTypeName()]"},{"name":"host","value":"runnervmmtnos"},{"name":"thread","value":"5224@runnervmmtnos.main(1)"},{"name":"framework","value":"junit-platform"},{"name":"language","value":"java"},{"name":"package","value":"api.buildType.UpdateBuildTypeTest"},{"name":"testClass","value":"api.buildType.UpdateBuildTypeTest"},{"name":"testMethod","value":"userCanNotUpdateBuildTypeName"},{"name":"suite","value":"api.buildType.UpdateBuildTypeTest"},{"name":"resultFormat","value":"allure2"}],"parameters":[],"links":[],"hidden":false,"retry":false,"extra":{"severity":"normal","retries":[],"categories":[{"name":"Product defects","matchedStatuses":[],"flaky":false}],"tags":[]},"source":"3a45d5e9fccf6feb.json","parameterValues":[]}