{"uid":"38e86494d23271a0","name":"Неуспешное обновление имени, имя уже существует","fullName":"api.buildType.UpdateBuildTypeTest.userCanNotUpdateBuildTypeName","historyId":"f12ec52b227962351fbb9f6d72b5c7a0","time":{"start":1768582297203,"stop":1768582297815,"duration":612},"description":"","status":"failed","statusMessage":"1 expectation failed.\nExpected status code <400> but was <404>.\n","statusTrace":"java.lang.AssertionError: 1 expectation failed.\nExpected status code <400> but was <404>.\n\n\tat java.base/jdk.internal.reflect.DirectConstructorHandleAccessor.newInstance(DirectConstructorHandleAccessor.java:62)\n\tat java.base/java.lang.reflect.Constructor.newInstanceWithCaller(Constructor.java:502)\n\tat java.base/java.lang.reflect.Constructor.newInstance(Constructor.java:486)\n\tat org.codehaus.groovy.reflection.CachedConstructor.invoke(CachedConstructor.java:73)\n\tat org.codehaus.groovy.runtime.callsite.ConstructorSite$ConstructorSiteNoUnwrapNoCoerce.callConstructor(ConstructorSite.java:108)\n\tat org.codehaus.groovy.runtime.callsite.AbstractCallSite.callConstructor(AbstractCallSite.java:277)\n\tat io.restassured.internal.ResponseSpecificationImpl$HamcrestAssertionClosure.validate(ResponseSpecificationImpl.groovy:512)\n\tat io.restassured.internal.ResponseSpecificationImpl$HamcrestAssertionClosure$validate$1.call(Unknown Source)\n\tat io.restassured.internal.ResponseSpecificationImpl.validate(ResponseSpecificationImpl.groovy:101)\n\tat io.restassured.internal.ValidatableResponseOptionsImpl.spec(ValidatableResponseOptionsImpl.java:288)\n\tat api.requests.skelethon.requesters.CrudRequester.lambda$put$7(CrudRequester.java:129)\n\tat common.helpers.StepLogger.lambda$log$0(StepLogger.java:24)\n\tat io.qameta.allure.Allure.lambda$step$1(Allure.java:127)\n\tat io.qameta.allure.Allure.step(Allure.java:181)\n\tat io.qameta.allure.Allure.step(Allure.java:125)\n\tat common.helpers.StepLogger.log(StepLogger.java:23)\n\tat api.requests.skelethon.requesters.CrudRequester.put(CrudRequester.java:122)\n\tat api.buildType.UpdateBuildTypeTest.userCanNotUpdateBuildTypeName(UpdateBuildTypeTest.java:57)\n\tat java.base/java.lang.reflect.Method.invoke(Method.java:580)\n\tat java.base/java.util.ArrayList.forEach(ArrayList.java:1596)\n\tat java.base/java.util.ArrayList.forEach(ArrayList.java:1596)\n","flaky":false,"newFailed":false,"newBroken":false,"newPassed":false,"retriesCount":0,"retriesStatusChange":false,"beforeStages":[],"testStage":{"description":"","status":"failed","statusMessage":"1 expectation failed.\nExpected status code <400> but was <404>.\n","statusTrace":"java.lang.AssertionError: 1 expectation failed.\nExpected status code <400> but was <404>.\n\n\tat java.base/jdk.internal.reflect.DirectConstructorHandleAccessor.newInstance(DirectConstructorHandleAccessor.java:62)\n\tat java.base/java.lang.reflect.Constructor.newInstanceWithCaller(Constructor.java:502)\n\tat java.base/java.lang.reflect.Constructor.newInstance(Constructor.java:486)\n\tat org.codehaus.groovy.reflection.CachedConstructor.invoke(CachedConstructor.java:73)\n\tat org.codehaus.groovy.runtime.callsite.ConstructorSite$ConstructorSiteNoUnwrapNoCoerce.callConstructor(ConstructorSite.java:108)\n\tat org.codehaus.groovy.runtime.callsite.AbstractCallSite.callConstructor(AbstractCallSite.java:277)\n\tat io.restassured.internal.ResponseSpecificationImpl$HamcrestAssertionClosure.validate(ResponseSpecificationImpl.groovy:512)\n\tat io.restassured.internal.ResponseSpecificationImpl$HamcrestAssertionClosure$validate$1.call(Unknown Source)\n\tat io.restassured.internal.ResponseSpecificationImpl.validate(ResponseSpecificationImpl.groovy:101)\n\tat io.restassured.internal.ValidatableResponseOptionsImpl.spec(ValidatableResponseOptionsImpl.java:288)\n\tat api.requests.skelethon.requesters.CrudRequester.lambda$put$7(CrudRequester.java:129)\n\tat common.helpers.StepLogger.lambda$log$0(StepLogger.java:24)\n\tat io.qameta.allure.Allure.lambda$step$1(Allure.java:127)\n\tat io.qameta.allure.Allure.step(Allure.java:181)\n\tat io.qameta.allure.Allure.step(Allure.java:125)\n\tat common.helpers.StepLogger.log(StepLogger.java:23)\n\tat api.requests.skelethon.requesters.CrudRequester.put(CrudRequester.java:122)\n\tat api.buildType.UpdateBuildTypeTest.userCanNotUpdateBuildTypeName(UpdateBuildTypeTest.java:57)\n\tat java.base/java.lang.reflect.Method.invoke(Method.java:580)\n\tat java.base/java.util.ArrayList.forEach(ArrayList.java:1596)\n\tat java.base/java.util.ArrayList.forEach(ArrayList.java:1596)\n","steps":[{"name":"POST запрос /users","time":{"start":1768582297203,"stop":1768582297240,"duration":37},"status":"passed","steps":[],"attachments":[{"uid":"602df0665857ea9c","name":"Request","source":"602df0665857ea9c.html","type":"text/html","size":965},{"uid":"8c9f995841daa457","name":"HTTP/1.1 200 ","source":"8c9f995841daa457.html","type":"text/html","size":2052}],"parameters":[],"stepsCount":0,"shouldDisplayMessage":false,"attachmentsCount":2,"hasContent":true,"attachmentStep":false},{"name":"POST запрос /users/{id}/roles {id=135}","time":{"start":1768582297241,"stop":1768582297252,"duration":11},"status":"passed","steps":[],"attachments":[{"uid":"fb8d303e721f6c91","name":"Request","source":"fb8d303e721f6c91.html","type":"text/html","size":877},{"uid":"cb72efdb034eae5a","name":"HTTP/1.1 200 ","source":"cb72efdb034eae5a.html","type":"text/html","size":750}],"parameters":[],"stepsCount":0,"shouldDisplayMessage":false,"attachmentsCount":2,"hasContent":true,"attachmentStep":false},{"name":"POST запрос /users/{id}/tokens {id=135}","time":{"start":1768582297253,"stop":1768582297295,"duration":42},"status":"passed","steps":[],"attachments":[{"uid":"372fb54a53f0fd83","name":"Request","source":"372fb54a53f0fd83.html","type":"text/html","size":731},{"uid":"b4ebf5741d48da09","name":"HTTP/1.1 200 ","source":"b4ebf5741d48da09.html","type":"text/html","size":825}],"parameters":[],"stepsCount":0,"shouldDisplayMessage":false,"attachmentsCount":2,"hasContent":true,"attachmentStep":false},{"name":"POST запрос /users","time":{"start":1768582297438,"stop":1768582297467,"duration":29},"status":"passed","steps":[],"attachments":[{"uid":"c3ec5771ccd6fe99","name":"Request","source":"c3ec5771ccd6fe99.html","type":"text/html","size":965},{"uid":"3c1f393cb9bf0a15","name":"HTTP/1.1 200 ","source":"3c1f393cb9bf0a15.html","type":"text/html","size":2052}],"parameters":[],"stepsCount":0,"shouldDisplayMessage":false,"attachmentsCount":2,"hasContent":true,"attachmentStep":false},{"name":"POST запрос /users/{id}/roles {id=136}","time":{"start":1768582297469,"stop":1768582297492,"duration":23},"status":"passed","steps":[],"attachments":[{"uid":"a3791b287feaffe7","name":"Request","source":"a3791b287feaffe7.html","type":"text/html","size":877},{"uid":"da7cca0684b0541b","name":"HTTP/1.1 200 ","source":"da7cca0684b0541b.html","type":"text/html","size":750}],"parameters":[],"stepsCount":0,"shouldDisplayMessage":false,"attachmentsCount":2,"hasContent":true,"attachmentStep":false},{"name":"POST запрос /users/{id}/tokens {id=136}","time":{"start":1768582297493,"stop":1768582297546,"duration":53},"status":"passed","steps":[],"attachments":[{"uid":"5fcfa117efea64","name":"Request","source":"5fcfa117efea64.html","type":"text/html","size":731},{"uid":"6c2aafc6e9a25512","name":"HTTP/1.1 200 ","source":"6c2aafc6e9a25512.html","type":"text/html","size":825}],"parameters":[],"stepsCount":0,"shouldDisplayMessage":false,"attachmentsCount":2,"hasContent":true,"attachmentStep":false},{"name":"POST запрос /projects","time":{"start":1768582297609,"stop":1768582297639,"duration":30},"status":"passed","steps":[],"attachments":[{"uid":"66c1d0dc2b22e9ad","name":"Request","source":"66c1d0dc2b22e9ad.html","type":"text/html","size":1189},{"uid":"21691950721ad500","name":"HTTP/1.1 200 ","source":"21691950721ad500.html","type":"text/html","size":2137}],"parameters":[],"stepsCount":0,"shouldDisplayMessage":false,"attachmentsCount":2,"hasContent":true,"attachmentStep":false},{"name":"POST запрос /buildTypes","time":{"start":1768582297640,"stop":1768582297686,"duration":46},"status":"passed","steps":[],"attachments":[{"uid":"8799e7c3025ff1e3","name":"Request","source":"8799e7c3025ff1e3.html","type":"text/html","size":1263},{"uid":"7be1f427ffd9ce60","name":"HTTP/1.1 200 ","source":"7be1f427ffd9ce60.html","type":"text/html","size":3275}],"parameters":[],"stepsCount":0,"shouldDisplayMessage":false,"attachmentsCount":2,"hasContent":true,"attachmentStep":false},{"name":"POST запрос /buildTypes","time":{"start":1768582297687,"stop":1768582297709,"duration":22},"status":"passed","steps":[],"attachments":[{"uid":"49142769f1690e5d","name":"Request","source":"49142769f1690e5d.html","type":"text/html","size":1263},{"uid":"ff1c8f28b259314b","name":"HTTP/1.1 200 ","source":"ff1c8f28b259314b.html","type":"text/html","size":3275}],"parameters":[],"stepsCount":0,"shouldDisplayMessage":false,"attachmentsCount":2,"hasContent":true,"attachmentStep":false},{"name":"GET запрос /buildTypes/{id} {id=sjImOPUAHNLhWLTJrUJz_NewBuildNamec5Cvim}","time":{"start":1768582297711,"stop":1768582297723,"duration":12},"status":"passed","steps":[],"attachments":[{"uid":"6cfbfde935e42cdb","name":"Request","source":"6cfbfde935e42cdb.html","type":"text/html","size":884},{"uid":"866c6b0fb035ff4d","name":"HTTP/1.1 200 ","source":"866c6b0fb035ff4d.html","type":"text/html","size":3275}],"parameters":[],"stepsCount":0,"shouldDisplayMessage":false,"attachmentsCount":2,"hasContent":true,"attachmentStep":false},{"name":"PUT запрос /buildTypes/{id}/name {id=sjImOPUAHNLhWLTJrUJz_NewBuildNameErDYsN}","time":{"start":1768582297724,"stop":1768582297730,"duration":6},"status":"failed","statusMessage":"1 expectation failed.\nExpected status code <400> but was <404>.\n","statusTrace":"java.lang.AssertionError: 1 expectation failed.\nExpected status code <400> but was <404>.\n\n\tat java.base/jdk.internal.reflect.DirectConstructorHandleAccessor.newInstance(DirectConstructorHandleAccessor.java:62)\n\tat java.base/java.lang.reflect.Constructor.newInstanceWithCaller(Constructor.java:502)\n\tat java.base/java.lang.reflect.Constructor.newInstance(Constructor.java:486)\n\tat org.codehaus.groovy.reflection.CachedConstructor.invoke(CachedConstructor.java:73)\n\tat org.codehaus.groovy.runtime.callsite.ConstructorSite$ConstructorSiteNoUnwrapNoCoerce.callConstructor(ConstructorSite.java:108)\n\tat org.codehaus.groovy.runtime.callsite.AbstractCallSite.callConstructor(AbstractCallSite.java:277)\n\tat io.restassured.internal.ResponseSpecificationImpl$HamcrestAssertionClosure.validate(ResponseSpecificationImpl.groovy:512)\n\tat io.restassured.internal.ResponseSpecificationImpl$HamcrestAssertionClosure$validate$1.call(Unknown Source)\n\tat io.restassured.internal.ResponseSpecificationImpl.validate(ResponseSpecificationImpl.groovy:101)\n\tat io.restassured.internal.ValidatableResponseOptionsImpl.spec(ValidatableResponseOptionsImpl.java:288)\n\tat api.requests.skelethon.requesters.CrudRequester.lambda$put$7(CrudRequester.java:129)\n\tat common.helpers.StepLogger.lambda$log$0(StepLogger.java:24)\n\tat io.qameta.allure.Allure.lambda$step$1(Allure.java:127)\n\tat io.qameta.allure.Allure.step(Allure.java:181)\n\tat io.qameta.allure.Allure.step(Allure.java:125)\n\tat common.helpers.StepLogger.log(StepLogger.java:23)\n\tat api.requests.skelethon.requesters.CrudRequester.put(CrudRequester.java:122)\n\tat api.buildType.UpdateBuildTypeTest.userCanNotUpdateBuildTypeName(UpdateBuildTypeTest.java:57)\n\tat java.base/jdk.internal.reflect.DirectMethodHandleAccessor.invoke(DirectMethodHandleAccessor.java:103)\n\tat java.base/java.lang.reflect.Method.invoke(Method.java:580)\n\tat org.junit.platform.commons.util.ReflectionUtils.invokeMethod(ReflectionUtils.java:728)\n\tat org.junit.jupiter.engine.execution.MethodInvocation.proceed(MethodInvocation.java:60)\n\tat org.junit.jupiter.engine.execution.InvocationInterceptorChain$ValidatingInvocation.proceed(InvocationInterceptorChain.java:131)\n\tat org.junit.jupiter.engine.extension.TimeoutExtension.intercept(TimeoutExtension.java:156)\n\tat org.junit.jupiter.engine.extension.TimeoutExtension.interceptTestableMethod(TimeoutExtension.java:147)\n\tat org.junit.jupiter.engine.extension.TimeoutExtension.interceptTestMethod(TimeoutExtension.java:86)\n\tat org.junit.jupiter.engine.execution.InterceptingExecutableInvoker$ReflectiveInterceptorCall.lambda$ofVoidMethod$0(InterceptingExecutableInvoker.java:103)\n\tat org.junit.jupiter.engine.execution.InterceptingExecutableInvoker.lambda$invoke$0(InterceptingExecutableInvoker.java:93)\n\tat org.junit.jupiter.engine.execution.InvocationInterceptorChain$InterceptedInvocation.proceed(InvocationInterceptorChain.java:106)\n\tat org.junit.jupiter.engine.execution.InvocationInterceptorChain.proceed(InvocationInterceptorChain.java:64)\n\tat org.junit.jupiter.engine.execution.InvocationInterceptorChain.chainAndInvoke(InvocationInterceptorChain.java:45)\n\tat org.junit.jupiter.engine.execution.InvocationInterceptorChain.invoke(InvocationInterceptorChain.java:37)\n\tat org.junit.jupiter.engine.execution.InterceptingExecutableInvoker.invoke(InterceptingExecutableInvoker.java:92)\n\tat org.junit.jupiter.engine.execution.InterceptingExecutableInvoker.invoke(InterceptingExecutableInvoker.java:86)\n\tat org.junit.jupiter.engine.descriptor.TestMethodTestDescriptor.lambda$invokeTestMethod$7(TestMethodTestDescriptor.java:218)\n\tat org.junit.platform.engine.support.hierarchical.ThrowableCollector.execute(ThrowableCollector.java:73)\n\tat org.junit.jupiter.engine.descriptor.TestMethodTestDescriptor.invokeTestMethod(TestMethodTestDescriptor.java:214)\n\tat org.junit.jupiter.engine.descriptor.TestMethodTestDescriptor.execute(TestMethodTestDescriptor.java:139)\n\tat org.junit.jupiter.engine.descriptor.TestMethodTestDescriptor.execute(TestMethodTestDescriptor.java:69)\n\tat org.junit.platform.engine.support.hierarchical.NodeTestTask.lambda$executeRecursively$6(NodeTestTask.java:151)\n\tat org.junit.platform.engine.support.hierarchical.ThrowableCollector.execute(ThrowableCollector.java:73)\n\tat org.junit.platform.engine.support.hierarchical.NodeTestTask.lambda$executeRecursively$8(NodeTestTask.java:141)\n\tat org.junit.platform.engine.support.hierarchical.Node.around(Node.java:137)\n\tat org.junit.platform.engine.support.hierarchical.NodeTestTask.lambda$executeRecursively$9(NodeTestTask.java:139)\n\tat org.junit.platform.engine.support.hierarchical.ThrowableCollector.execute(ThrowableCollector.java:73)\n\tat org.junit.platform.engine.support.hierarchical.NodeTestTask.executeRecursively(NodeTestTask.java:138)\n\tat org.junit.platform.engine.support.hierarchical.NodeTestTask.execute(NodeTestTask.java:95)\n\tat java.base/java.util.ArrayList.forEach(ArrayList.java:1596)\n\tat org.junit.platform.engine.support.hierarchical.SameThreadHierarchicalTestExecutorService.invokeAll(SameThreadHierarchicalTestExecutorService.java:41)\n\tat org.junit.platform.engine.support.hierarchical.NodeTestTask.lambda$executeRecursively$6(NodeTestTask.java:155)\n\tat org.junit.platform.engine.support.hierarchical.ThrowableCollector.execute(ThrowableCollector.java:73)\n\tat org.junit.platform.engine.support.hierarchical.NodeTestTask.lambda$executeRecursively$8(NodeTestTask.java:141)\n\tat org.junit.platform.engine.support.hierarchical.Node.around(Node.java:137)\n\tat org.junit.platform.engine.support.hierarchical.NodeTestTask.lambda$executeRecursively$9(NodeTestTask.java:139)\n\tat org.junit.platform.engine.support.hierarchical.ThrowableCollector.execute(ThrowableCollector.java:73)\n\tat org.junit.platform.engine.support.hierarchical.NodeTestTask.executeRecursively(NodeTestTask.java:138)\n\tat org.junit.platform.engine.support.hierarchical.NodeTestTask.execute(NodeTestTask.java:95)\n\tat java.base/java.util.ArrayList.forEach(ArrayList.java:1596)\n\tat org.junit.platform.engine.support.hierarchical.SameThreadHierarchicalTestExecutorService.invokeAll(SameThreadHierarchicalTestExecutorService.java:41)\n\tat org.junit.platform.engine.support.hierarchical.NodeTestTask.lambda$executeRecursively$6(NodeTestTask.java:155)\n\tat org.junit.platform.engine.support.hierarchical.ThrowableCollector.execute(ThrowableCollector.java:73)\n\tat org.junit.platform.engine.support.hierarchical.NodeTestTask.lambda$executeRecursively$8(NodeTestTask.java:141)\n\tat org.junit.platform.engine.support.hierarchical.Node.around(Node.java:137)\n\tat org.junit.platform.engine.support.hierarchical.NodeTestTask.lambda$executeRecursively$9(NodeTestTask.java:139)\n\tat org.junit.platform.engine.support.hierarchical.ThrowableCollector.execute(ThrowableCollector.java:73)\n\tat org.junit.platform.engine.support.hierarchical.NodeTestTask.executeRecursively(NodeTestTask.java:138)\n\tat org.junit.platform.engine.support.hierarchical.NodeTestTask.execute(NodeTestTask.java:95)\n\tat org.junit.platform.engine.support.hierarchical.SameThreadHierarchicalTestExecutorService.submit(SameThreadHierarchicalTestExecutorService.java:35)\n\tat org.junit.platform.engine.support.hierarchical.HierarchicalTestExecutor.execute(HierarchicalTestExecutor.java:57)\n\tat org.junit.platform.engine.support.hierarchical.HierarchicalTestEngine.execute(HierarchicalTestEngine.java:54)\n\tat org.junit.platform.launcher.core.EngineExecutionOrchestrator.execute(EngineExecutionOrchestrator.java:198)\n\tat org.junit.platform.launcher.core.EngineExecutionOrchestrator.execute(EngineExecutionOrchestrator.java:169)\n\tat org.junit.platform.launcher.core.EngineExecutionOrchestrator.execute(EngineExecutionOrchestrator.java:93)\n\tat org.junit.platform.launcher.core.EngineExecutionOrchestrator.lambda$execute$0(EngineExecutionOrchestrator.java:58)\n\tat org.junit.platform.launcher.core.EngineExecutionOrchestrator.withInterceptedStreams(EngineExecutionOrchestrator.java:141)\n\tat org.junit.platform.launcher.core.EngineExecutionOrchestrator.execute(EngineExecutionOrchestrator.java:57)\n\tat org.junit.platform.launcher.core.DefaultLauncher.execute(DefaultLauncher.java:103)\n\tat org.junit.platform.launcher.core.DefaultLauncher.execute(DefaultLauncher.java:85)\n\tat org.junit.platform.launcher.core.DelegatingLauncher.execute(DelegatingLauncher.java:47)\n\tat org.apache.maven.surefire.junitplatform.LazyLauncher.execute(LazyLauncher.java:56)\n\tat org.apache.maven.surefire.junitplatform.JUnitPlatformProvider.execute(JUnitPlatformProvider.java:184)\n\tat org.apache.maven.surefire.junitplatform.JUnitPlatformProvider.invokeAllTests(JUnitPlatformProvider.java:148)\n\tat org.apache.maven.surefire.junitplatform.JUnitPlatformProvider.invoke(JUnitPlatformProvider.java:122)\n\tat org.apache.maven.surefire.booter.ForkedBooter.runSuitesInProcess(ForkedBooter.java:385)\n\tat org.apache.maven.surefire.booter.ForkedBooter.execute(ForkedBooter.java:162)\n\tat org.apache.maven.surefire.booter.ForkedBooter.run(ForkedBooter.java:507)\n\tat org.apache.maven.surefire.booter.ForkedBooter.main(ForkedBooter.java:495)\n","steps":[],"attachments":[],"parameters":[],"stepsCount":0,"shouldDisplayMessage":true,"attachmentsCount":0,"hasContent":true,"attachmentStep":false},{"name":"DELETE запрос /projects/{id} {id=sjImOPUAHNLhWLTJrUJz}","time":{"start":1768582297730,"stop":1768582297754,"duration":24},"status":"passed","steps":[],"attachments":[{"uid":"a95e8a5430e1f26","name":"Request","source":"a95e8a5430e1f26.html","type":"text/html","size":554},{"uid":"4a0bebf404e5d4a5","name":"HTTP/1.1 204 ","source":"4a0bebf404e5d4a5.html","type":"text/html","size":478}],"parameters":[],"stepsCount":0,"shouldDisplayMessage":false,"attachmentsCount":2,"hasContent":true,"attachmentStep":false},{"name":"DELETE запрос /users/{id} {id=136}","time":{"start":1768582297755,"stop":1768582297784,"duration":29},"status":"passed","steps":[],"attachments":[{"uid":"ccec2090f80b5ace","name":"Request","source":"ccec2090f80b5ace.html","type":"text/html","size":520},{"uid":"7aa45c91600f950d","name":"HTTP/1.1 204 ","source":"7aa45c91600f950d.html","type":"text/html","size":478}],"parameters":[],"stepsCount":0,"shouldDisplayMessage":false,"attachmentsCount":2,"hasContent":true,"attachmentStep":false},{"name":"DELETE запрос /users/{id} {id=135}","time":{"start":1768582297785,"stop":1768582297811,"duration":26},"status":"passed","steps":[],"attachments":[{"uid":"12dbf2482271d29f","name":"Request","source":"12dbf2482271d29f.html","type":"text/html","size":520},{"uid":"a8162c92979e2ee7","name":"HTTP/1.1 204 ","source":"a8162c92979e2ee7.html","type":"text/html","size":478}],"parameters":[],"stepsCount":0,"shouldDisplayMessage":false,"attachmentsCount":2,"hasContent":true,"attachmentStep":false}],"attachments":[{"uid":"ab03d5cf715db3be","name":"Request","source":"ab03d5cf715db3be.html","type":"text/html","size":472},{"uid":"bb564aeb069c0747","name":"HTTP/1.1 200 ","source":"bb564aeb069c0747.html","type":"text/html","size":78980},{"uid":"4440b71e29a1e698","name":"Request","source":"4440b71e29a1e698.html","type":"text/html","size":472},{"uid":"11e0e9ef286cc48a","name":"HTTP/1.1 200 ","source":"11e0e9ef286cc48a.html","type":"text/html","size":78980}],"parameters":[],"stepsCount":14,"shouldDisplayMessage":false,"attachmentsCount":30,"hasContent":true,"attachmentStep":false},"afterStages":[],"labels":[{"name":"junit.platform.uniqueid","value":"[engine:junit-jupiter]/[class:api.buildType.UpdateBuildTypeTest]/[method:userCanNotUpdateBuildTypeName()]"},{"name":"host","value":"runnervmmtnos"},{"name":"thread","value":"5118@runnervmmtnos.main(1)"},{"name":"framework","value":"junit-platform"},{"name":"language","value":"java"},{"name":"package","value":"api.buildType.UpdateBuildTypeTest"},{"name":"testClass","value":"api.buildType.UpdateBuildTypeTest"},{"name":"testMethod","value":"userCanNotUpdateBuildTypeName"},{"name":"suite","value":"api.buildType.UpdateBuildTypeTest"},{"name":"resultFormat","value":"allure2"}],"parameters":[],"links":[],"hidden":false,"retry":false,"extra":{"severity":"normal","retries":[],"categories":[{"name":"Product defects","matchedStatuses":[],"flaky":false}],"history":{"statistic":{"failed":2,"broken":0,"skipped":0,"passed":1,"unknown":0,"total":3},"items":[{"uid":"e55da4f19434b2ea","reportUrl":"https://get-offer-in-qa-auto.github.io/samurai-project/124/#testresult/e55da4f19434b2ea","status":"failed","statusDetails":"1 expectation failed.\nExpected status code <400> but was <404>.\n","time":{"start":1768581121154,"stop":1768581121707,"duration":553}},{"uid":"a6485cac2cd46785","reportUrl":"https://get-offer-in-qa-auto.github.io/samurai-project/123/#testresult/a6485cac2cd46785","status":"passed","time":{"start":1768578093058,"stop":1768578093454,"duration":396}}]},"tags":[]},"source":"38e86494d23271a0.json","parameterValues":[]}