{"uid":"e55da4f19434b2ea","name":"Неуспешное обновление имени, имя уже существует","fullName":"api.buildType.UpdateBuildTypeTest.userCanNotUpdateBuildTypeName","historyId":"f12ec52b227962351fbb9f6d72b5c7a0","time":{"start":1768581121154,"stop":1768581121707,"duration":553},"description":"","status":"failed","statusMessage":"1 expectation failed.\nExpected status code <400> but was <404>.\n","statusTrace":"java.lang.AssertionError: 1 expectation failed.\nExpected status code <400> but was <404>.\n\n\tat java.base/jdk.internal.reflect.DirectConstructorHandleAccessor.newInstance(DirectConstructorHandleAccessor.java:62)\n\tat java.base/java.lang.reflect.Constructor.newInstanceWithCaller(Constructor.java:502)\n\tat java.base/java.lang.reflect.Constructor.newInstance(Constructor.java:486)\n\tat org.codehaus.groovy.reflection.CachedConstructor.invoke(CachedConstructor.java:73)\n\tat org.codehaus.groovy.runtime.callsite.ConstructorSite$ConstructorSiteNoUnwrapNoCoerce.callConstructor(ConstructorSite.java:108)\n\tat org.codehaus.groovy.runtime.callsite.AbstractCallSite.callConstructor(AbstractCallSite.java:277)\n\tat io.restassured.internal.ResponseSpecificationImpl$HamcrestAssertionClosure.validate(ResponseSpecificationImpl.groovy:512)\n\tat io.restassured.internal.ResponseSpecificationImpl$HamcrestAssertionClosure$validate$1.call(Unknown Source)\n\tat io.restassured.internal.ResponseSpecificationImpl.validate(ResponseSpecificationImpl.groovy:101)\n\tat io.restassured.internal.ValidatableResponseOptionsImpl.spec(ValidatableResponseOptionsImpl.java:288)\n\tat api.requests.skelethon.requesters.CrudRequester.lambda$put$7(CrudRequester.java:129)\n\tat common.helpers.StepLogger.lambda$log$0(StepLogger.java:24)\n\tat io.qameta.allure.Allure.lambda$step$1(Allure.java:127)\n\tat io.qameta.allure.Allure.step(Allure.java:181)\n\tat io.qameta.allure.Allure.step(Allure.java:125)\n\tat common.helpers.StepLogger.log(StepLogger.java:23)\n\tat api.requests.skelethon.requesters.CrudRequester.put(CrudRequester.java:122)\n\tat api.buildType.UpdateBuildTypeTest.userCanNotUpdateBuildTypeName(UpdateBuildTypeTest.java:57)\n\tat java.base/java.lang.reflect.Method.invoke(Method.java:580)\n\tat java.base/java.util.ArrayList.forEach(ArrayList.java:1596)\n\tat java.base/java.util.ArrayList.forEach(ArrayList.java:1596)\n","flaky":false,"newFailed":true,"newBroken":false,"newPassed":false,"retriesCount":0,"retriesStatusChange":false,"beforeStages":[],"testStage":{"description":"","status":"failed","statusMessage":"1 expectation failed.\nExpected status code <400> but was <404>.\n","statusTrace":"java.lang.AssertionError: 1 expectation failed.\nExpected status code <400> but was <404>.\n\n\tat java.base/jdk.internal.reflect.DirectConstructorHandleAccessor.newInstance(DirectConstructorHandleAccessor.java:62)\n\tat java.base/java.lang.reflect.Constructor.newInstanceWithCaller(Constructor.java:502)\n\tat java.base/java.lang.reflect.Constructor.newInstance(Constructor.java:486)\n\tat org.codehaus.groovy.reflection.CachedConstructor.invoke(CachedConstructor.java:73)\n\tat org.codehaus.groovy.runtime.callsite.ConstructorSite$ConstructorSiteNoUnwrapNoCoerce.callConstructor(ConstructorSite.java:108)\n\tat org.codehaus.groovy.runtime.callsite.AbstractCallSite.callConstructor(AbstractCallSite.java:277)\n\tat io.restassured.internal.ResponseSpecificationImpl$HamcrestAssertionClosure.validate(ResponseSpecificationImpl.groovy:512)\n\tat io.restassured.internal.ResponseSpecificationImpl$HamcrestAssertionClosure$validate$1.call(Unknown Source)\n\tat io.restassured.internal.ResponseSpecificationImpl.validate(ResponseSpecificationImpl.groovy:101)\n\tat io.restassured.internal.ValidatableResponseOptionsImpl.spec(ValidatableResponseOptionsImpl.java:288)\n\tat api.requests.skelethon.requesters.CrudRequester.lambda$put$7(CrudRequester.java:129)\n\tat common.helpers.StepLogger.lambda$log$0(StepLogger.java:24)\n\tat io.qameta.allure.Allure.lambda$step$1(Allure.java:127)\n\tat io.qameta.allure.Allure.step(Allure.java:181)\n\tat io.qameta.allure.Allure.step(Allure.java:125)\n\tat common.helpers.StepLogger.log(StepLogger.java:23)\n\tat api.requests.skelethon.requesters.CrudRequester.put(CrudRequester.java:122)\n\tat api.buildType.UpdateBuildTypeTest.userCanNotUpdateBuildTypeName(UpdateBuildTypeTest.java:57)\n\tat java.base/java.lang.reflect.Method.invoke(Method.java:580)\n\tat java.base/java.util.ArrayList.forEach(ArrayList.java:1596)\n\tat java.base/java.util.ArrayList.forEach(ArrayList.java:1596)\n","steps":[{"name":"POST запрос /users","time":{"start":1768581121155,"stop":1768581121200,"duration":45},"status":"passed","steps":[],"attachments":[{"uid":"d43752bea5c67005","name":"Request","source":"d43752bea5c67005.html","type":"text/html","size":965},{"uid":"2f6d88269cd136c1","name":"HTTP/1.1 200 ","source":"2f6d88269cd136c1.html","type":"text/html","size":2052}],"parameters":[],"stepsCount":0,"shouldDisplayMessage":false,"attachmentsCount":2,"hasContent":true,"attachmentStep":false},{"name":"POST запрос /users/{id}/roles {id=135}","time":{"start":1768581121201,"stop":1768581121224,"duration":23},"status":"passed","steps":[],"attachments":[{"uid":"be35bc9fc1deb9c8","name":"Request","source":"be35bc9fc1deb9c8.html","type":"text/html","size":877},{"uid":"31dc811dff9b5931","name":"HTTP/1.1 200 ","source":"31dc811dff9b5931.html","type":"text/html","size":750}],"parameters":[],"stepsCount":0,"shouldDisplayMessage":false,"attachmentsCount":2,"hasContent":true,"attachmentStep":false},{"name":"POST запрос /users/{id}/tokens {id=135}","time":{"start":1768581121225,"stop":1768581121263,"duration":38},"status":"passed","steps":[],"attachments":[{"uid":"9af4137c255bc1c4","name":"Request","source":"9af4137c255bc1c4.html","type":"text/html","size":731},{"uid":"92a699d58e1c61c","name":"HTTP/1.1 200 ","source":"92a699d58e1c61c.html","type":"text/html","size":825}],"parameters":[],"stepsCount":0,"shouldDisplayMessage":false,"attachmentsCount":2,"hasContent":true,"attachmentStep":false},{"name":"POST запрос /users","time":{"start":1768581121334,"stop":1768581121371,"duration":37},"status":"passed","steps":[],"attachments":[{"uid":"6d5a5e5a9ead2918","name":"Request","source":"6d5a5e5a9ead2918.html","type":"text/html","size":965},{"uid":"4735de493ffc9773","name":"HTTP/1.1 200 ","source":"4735de493ffc9773.html","type":"text/html","size":2052}],"parameters":[],"stepsCount":0,"shouldDisplayMessage":false,"attachmentsCount":2,"hasContent":true,"attachmentStep":false},{"name":"POST запрос /users/{id}/roles {id=136}","time":{"start":1768581121372,"stop":1768581121387,"duration":15},"status":"passed","steps":[],"attachments":[{"uid":"af3a9115154e8210","name":"Request","source":"af3a9115154e8210.html","type":"text/html","size":877},{"uid":"bd3c2140593fab62","name":"HTTP/1.1 200 ","source":"bd3c2140593fab62.html","type":"text/html","size":750}],"parameters":[],"stepsCount":0,"shouldDisplayMessage":false,"attachmentsCount":2,"hasContent":true,"attachmentStep":false},{"name":"POST запрос /users/{id}/tokens {id=136}","time":{"start":1768581121388,"stop":1768581121424,"duration":36},"status":"passed","steps":[],"attachments":[{"uid":"21a4c0ccd09b2674","name":"Request","source":"21a4c0ccd09b2674.html","type":"text/html","size":731},{"uid":"1c7ec3c969df7783","name":"HTTP/1.1 200 ","source":"1c7ec3c969df7783.html","type":"text/html","size":825}],"parameters":[],"stepsCount":0,"shouldDisplayMessage":false,"attachmentsCount":2,"hasContent":true,"attachmentStep":false},{"name":"POST запрос /projects","time":{"start":1768581121497,"stop":1768581121531,"duration":34},"status":"passed","steps":[],"attachments":[{"uid":"a9101b3d556aacd9","name":"Request","source":"a9101b3d556aacd9.html","type":"text/html","size":1189},{"uid":"7b21479e919a1c9b","name":"HTTP/1.1 200 ","source":"7b21479e919a1c9b.html","type":"text/html","size":2137}],"parameters":[],"stepsCount":0,"shouldDisplayMessage":false,"attachmentsCount":2,"hasContent":true,"attachmentStep":false},{"name":"POST запрос /buildTypes","time":{"start":1768581121534,"stop":1768581121586,"duration":52},"status":"passed","steps":[],"attachments":[{"uid":"5d02036cf5328ccc","name":"Request","source":"5d02036cf5328ccc.html","type":"text/html","size":1263},{"uid":"2d142a356ce109d","name":"HTTP/1.1 200 ","source":"2d142a356ce109d.html","type":"text/html","size":3275}],"parameters":[],"stepsCount":0,"shouldDisplayMessage":false,"attachmentsCount":2,"hasContent":true,"attachmentStep":false},{"name":"POST запрос /buildTypes","time":{"start":1768581121587,"stop":1768581121608,"duration":21},"status":"passed","steps":[],"attachments":[{"uid":"49884dde93143724","name":"Request","source":"49884dde93143724.html","type":"text/html","size":1263},{"uid":"2930d25846f6758d","name":"HTTP/1.1 200 ","source":"2930d25846f6758d.html","type":"text/html","size":3275}],"parameters":[],"stepsCount":0,"shouldDisplayMessage":false,"attachmentsCount":2,"hasContent":true,"attachmentStep":false},{"name":"GET запрос /buildTypes/{id} {id=uBDxYWTPhBnuqusdQdde_NewBuildNameYlEOtl}","time":{"start":1768581121609,"stop":1768581121624,"duration":15},"status":"passed","steps":[],"attachments":[{"uid":"ce8c7ff9a7e94d22","name":"Request","source":"ce8c7ff9a7e94d22.html","type":"text/html","size":884},{"uid":"ab1dd962c0317b06","name":"HTTP/1.1 200 ","source":"ab1dd962c0317b06.html","type":"text/html","size":3275}],"parameters":[],"stepsCount":0,"shouldDisplayMessage":false,"attachmentsCount":2,"hasContent":true,"attachmentStep":false},{"name":"PUT запрос /buildTypes/{id}/name {id=uBDxYWTPhBnuqusdQdde_NewBuildName73nhou}","time":{"start":1768581121626,"stop":1768581121636,"duration":10},"status":"failed","statusMessage":"1 expectation failed.\nExpected status code <400> but was <404>.\n","statusTrace":"java.lang.AssertionError: 1 expectation failed.\nExpected status code <400> but was <404>.\n\n\tat java.base/jdk.internal.reflect.DirectConstructorHandleAccessor.newInstance(DirectConstructorHandleAccessor.java:62)\n\tat java.base/java.lang.reflect.Constructor.newInstanceWithCaller(Constructor.java:502)\n\tat java.base/java.lang.reflect.Constructor.newInstance(Constructor.java:486)\n\tat org.codehaus.groovy.reflection.CachedConstructor.invoke(CachedConstructor.java:73)\n\tat org.codehaus.groovy.runtime.callsite.ConstructorSite$ConstructorSiteNoUnwrapNoCoerce.callConstructor(ConstructorSite.java:108)\n\tat org.codehaus.groovy.runtime.callsite.AbstractCallSite.callConstructor(AbstractCallSite.java:277)\n\tat io.restassured.internal.ResponseSpecificationImpl$HamcrestAssertionClosure.validate(ResponseSpecificationImpl.groovy:512)\n\tat io.restassured.internal.ResponseSpecificationImpl$HamcrestAssertionClosure$validate$1.call(Unknown Source)\n\tat io.restassured.internal.ResponseSpecificationImpl.validate(ResponseSpecificationImpl.groovy:101)\n\tat io.restassured.internal.ValidatableResponseOptionsImpl.spec(ValidatableResponseOptionsImpl.java:288)\n\tat api.requests.skelethon.requesters.CrudRequester.lambda$put$7(CrudRequester.java:129)\n\tat common.helpers.StepLogger.lambda$log$0(StepLogger.java:24)\n\tat io.qameta.allure.Allure.lambda$step$1(Allure.java:127)\n\tat io.qameta.allure.Allure.step(Allure.java:181)\n\tat io.qameta.allure.Allure.step(Allure.java:125)\n\tat common.helpers.StepLogger.log(StepLogger.java:23)\n\tat api.requests.skelethon.requesters.CrudRequester.put(CrudRequester.java:122)\n\tat api.buildType.UpdateBuildTypeTest.userCanNotUpdateBuildTypeName(UpdateBuildTypeTest.java:57)\n\tat java.base/jdk.internal.reflect.DirectMethodHandleAccessor.invoke(DirectMethodHandleAccessor.java:103)\n\tat java.base/java.lang.reflect.Method.invoke(Method.java:580)\n\tat org.junit.platform.commons.util.ReflectionUtils.invokeMethod(ReflectionUtils.java:728)\n\tat org.junit.jupiter.engine.execution.MethodInvocation.proceed(MethodInvocation.java:60)\n\tat org.junit.jupiter.engine.execution.InvocationInterceptorChain$ValidatingInvocation.proceed(InvocationInterceptorChain.java:131)\n\tat org.junit.jupiter.engine.extension.TimeoutExtension.intercept(TimeoutExtension.java:156)\n\tat org.junit.jupiter.engine.extension.TimeoutExtension.interceptTestableMethod(TimeoutExtension.java:147)\n\tat org.junit.jupiter.engine.extension.TimeoutExtension.interceptTestMethod(TimeoutExtension.java:86)\n\tat org.junit.jupiter.engine.execution.InterceptingExecutableInvoker$ReflectiveInterceptorCall.lambda$ofVoidMethod$0(InterceptingExecutableInvoker.java:103)\n\tat org.junit.jupiter.engine.execution.InterceptingExecutableInvoker.lambda$invoke$0(InterceptingExecutableInvoker.java:93)\n\tat org.junit.jupiter.engine.execution.InvocationInterceptorChain$InterceptedInvocation.proceed(InvocationInterceptorChain.java:106)\n\tat org.junit.jupiter.engine.execution.InvocationInterceptorChain.proceed(InvocationInterceptorChain.java:64)\n\tat org.junit.jupiter.engine.execution.InvocationInterceptorChain.chainAndInvoke(InvocationInterceptorChain.java:45)\n\tat org.junit.jupiter.engine.execution.InvocationInterceptorChain.invoke(InvocationInterceptorChain.java:37)\n\tat org.junit.jupiter.engine.execution.InterceptingExecutableInvoker.invoke(InterceptingExecutableInvoker.java:92)\n\tat org.junit.jupiter.engine.execution.InterceptingExecutableInvoker.invoke(InterceptingExecutableInvoker.java:86)\n\tat org.junit.jupiter.engine.descriptor.TestMethodTestDescriptor.lambda$invokeTestMethod$7(TestMethodTestDescriptor.java:218)\n\tat org.junit.platform.engine.support.hierarchical.ThrowableCollector.execute(ThrowableCollector.java:73)\n\tat org.junit.jupiter.engine.descriptor.TestMethodTestDescriptor.invokeTestMethod(TestMethodTestDescriptor.java:214)\n\tat org.junit.jupiter.engine.descriptor.TestMethodTestDescriptor.execute(TestMethodTestDescriptor.java:139)\n\tat org.junit.jupiter.engine.descriptor.TestMethodTestDescriptor.execute(TestMethodTestDescriptor.java:69)\n\tat org.junit.platform.engine.support.hierarchical.NodeTestTask.lambda$executeRecursively$6(NodeTestTask.java:151)\n\tat org.junit.platform.engine.support.hierarchical.ThrowableCollector.execute(ThrowableCollector.java:73)\n\tat org.junit.platform.engine.support.hierarchical.NodeTestTask.lambda$executeRecursively$8(NodeTestTask.java:141)\n\tat org.junit.platform.engine.support.hierarchical.Node.around(Node.java:137)\n\tat org.junit.platform.engine.support.hierarchical.NodeTestTask.lambda$executeRecursively$9(NodeTestTask.java:139)\n\tat org.junit.platform.engine.support.hierarchical.ThrowableCollector.execute(ThrowableCollector.java:73)\n\tat org.junit.platform.engine.support.hierarchical.NodeTestTask.executeRecursively(NodeTestTask.java:138)\n\tat org.junit.platform.engine.support.hierarchical.NodeTestTask.execute(NodeTestTask.java:95)\n\tat java.base/java.util.ArrayList.forEach(ArrayList.java:1596)\n\tat org.junit.platform.engine.support.hierarchical.SameThreadHierarchicalTestExecutorService.invokeAll(SameThreadHierarchicalTestExecutorService.java:41)\n\tat org.junit.platform.engine.support.hierarchical.NodeTestTask.lambda$executeRecursively$6(NodeTestTask.java:155)\n\tat org.junit.platform.engine.support.hierarchical.ThrowableCollector.execute(ThrowableCollector.java:73)\n\tat org.junit.platform.engine.support.hierarchical.NodeTestTask.lambda$executeRecursively$8(NodeTestTask.java:141)\n\tat org.junit.platform.engine.support.hierarchical.Node.around(Node.java:137)\n\tat org.junit.platform.engine.support.hierarchical.NodeTestTask.lambda$executeRecursively$9(NodeTestTask.java:139)\n\tat org.junit.platform.engine.support.hierarchical.ThrowableCollector.execute(ThrowableCollector.java:73)\n\tat org.junit.platform.engine.support.hierarchical.NodeTestTask.executeRecursively(NodeTestTask.java:138)\n\tat org.junit.platform.engine.support.hierarchical.NodeTestTask.execute(NodeTestTask.java:95)\n\tat java.base/java.util.ArrayList.forEach(ArrayList.java:1596)\n\tat org.junit.platform.engine.support.hierarchical.SameThreadHierarchicalTestExecutorService.invokeAll(SameThreadHierarchicalTestExecutorService.java:41)\n\tat org.junit.platform.engine.support.hierarchical.NodeTestTask.lambda$executeRecursively$6(NodeTestTask.java:155)\n\tat org.junit.platform.engine.support.hierarchical.ThrowableCollector.execute(ThrowableCollector.java:73)\n\tat org.junit.platform.engine.support.hierarchical.NodeTestTask.lambda$executeRecursively$8(NodeTestTask.java:141)\n\tat org.junit.platform.engine.support.hierarchical.Node.around(Node.java:137)\n\tat org.junit.platform.engine.support.hierarchical.NodeTestTask.lambda$executeRecursively$9(NodeTestTask.java:139)\n\tat org.junit.platform.engine.support.hierarchical.ThrowableCollector.execute(ThrowableCollector.java:73)\n\tat org.junit.platform.engine.support.hierarchical.NodeTestTask.executeRecursively(NodeTestTask.java:138)\n\tat org.junit.platform.engine.support.hierarchical.NodeTestTask.execute(NodeTestTask.java:95)\n\tat org.junit.platform.engine.support.hierarchical.SameThreadHierarchicalTestExecutorService.submit(SameThreadHierarchicalTestExecutorService.java:35)\n\tat org.junit.platform.engine.support.hierarchical.HierarchicalTestExecutor.execute(HierarchicalTestExecutor.java:57)\n\tat org.junit.platform.engine.support.hierarchical.HierarchicalTestEngine.execute(HierarchicalTestEngine.java:54)\n\tat org.junit.platform.launcher.core.EngineExecutionOrchestrator.execute(EngineExecutionOrchestrator.java:198)\n\tat org.junit.platform.launcher.core.EngineExecutionOrchestrator.execute(EngineExecutionOrchestrator.java:169)\n\tat org.junit.platform.launcher.core.EngineExecutionOrchestrator.execute(EngineExecutionOrchestrator.java:93)\n\tat org.junit.platform.launcher.core.EngineExecutionOrchestrator.lambda$execute$0(EngineExecutionOrchestrator.java:58)\n\tat org.junit.platform.launcher.core.EngineExecutionOrchestrator.withInterceptedStreams(EngineExecutionOrchestrator.java:141)\n\tat org.junit.platform.launcher.core.EngineExecutionOrchestrator.execute(EngineExecutionOrchestrator.java:57)\n\tat org.junit.platform.launcher.core.DefaultLauncher.execute(DefaultLauncher.java:103)\n\tat org.junit.platform.launcher.core.DefaultLauncher.execute(DefaultLauncher.java:85)\n\tat org.junit.platform.launcher.core.DelegatingLauncher.execute(DelegatingLauncher.java:47)\n\tat org.apache.maven.surefire.junitplatform.LazyLauncher.execute(LazyLauncher.java:56)\n\tat org.apache.maven.surefire.junitplatform.JUnitPlatformProvider.execute(JUnitPlatformProvider.java:184)\n\tat org.apache.maven.surefire.junitplatform.JUnitPlatformProvider.invokeAllTests(JUnitPlatformProvider.java:148)\n\tat org.apache.maven.surefire.junitplatform.JUnitPlatformProvider.invoke(JUnitPlatformProvider.java:122)\n\tat org.apache.maven.surefire.booter.ForkedBooter.runSuitesInProcess(ForkedBooter.java:385)\n\tat org.apache.maven.surefire.booter.ForkedBooter.execute(ForkedBooter.java:162)\n\tat org.apache.maven.surefire.booter.ForkedBooter.run(ForkedBooter.java:507)\n\tat org.apache.maven.surefire.booter.ForkedBooter.main(ForkedBooter.java:495)\n","steps":[],"attachments":[],"parameters":[],"stepsCount":0,"shouldDisplayMessage":true,"attachmentsCount":0,"hasContent":true,"attachmentStep":false},{"name":"DELETE запрос /projects/{id} {id=uBDxYWTPhBnuqusdQdde}","time":{"start":1768581121638,"stop":1768581121670,"duration":32},"status":"passed","steps":[],"attachments":[{"uid":"c721021571037727","name":"Request","source":"c721021571037727.html","type":"text/html","size":554},{"uid":"d94a9015c48b5cc0","name":"HTTP/1.1 204 ","source":"d94a9015c48b5cc0.html","type":"text/html","size":478}],"parameters":[],"stepsCount":0,"shouldDisplayMessage":false,"attachmentsCount":2,"hasContent":true,"attachmentStep":false},{"name":"DELETE запрос /users/{id} {id=136}","time":{"start":1768581121670,"stop":1768581121687,"duration":17},"status":"passed","steps":[],"attachments":[{"uid":"71d91c31eeaf523b","name":"Request","source":"71d91c31eeaf523b.html","type":"text/html","size":520},{"uid":"cee9880d47219088","name":"HTTP/1.1 204 ","source":"cee9880d47219088.html","type":"text/html","size":478}],"parameters":[],"stepsCount":0,"shouldDisplayMessage":false,"attachmentsCount":2,"hasContent":true,"attachmentStep":false},{"name":"DELETE запрос /users/{id} {id=135}","time":{"start":1768581121688,"stop":1768581121706,"duration":18},"status":"passed","steps":[],"attachments":[{"uid":"5dbab17b1c3f009","name":"Request","source":"5dbab17b1c3f009.html","type":"text/html","size":520},{"uid":"ad334229b2db4f20","name":"HTTP/1.1 204 ","source":"ad334229b2db4f20.html","type":"text/html","size":478}],"parameters":[],"stepsCount":0,"shouldDisplayMessage":false,"attachmentsCount":2,"hasContent":true,"attachmentStep":false}],"attachments":[{"uid":"59668b5e895757d","name":"Request","source":"59668b5e895757d.html","type":"text/html","size":472},{"uid":"fe5dbef7e8294df3","name":"HTTP/1.1 200 ","source":"fe5dbef7e8294df3.html","type":"text/html","size":78980},{"uid":"318f5c4a3e2645c6","name":"Request","source":"318f5c4a3e2645c6.html","type":"text/html","size":472},{"uid":"4347725a1885ef41","name":"HTTP/1.1 200 ","source":"4347725a1885ef41.html","type":"text/html","size":78980}],"parameters":[],"stepsCount":14,"shouldDisplayMessage":false,"attachmentsCount":30,"hasContent":true,"attachmentStep":false},"afterStages":[],"labels":[{"name":"junit.platform.uniqueid","value":"[engine:junit-jupiter]/[class:api.buildType.UpdateBuildTypeTest]/[method:userCanNotUpdateBuildTypeName()]"},{"name":"host","value":"runnervmmtnos"},{"name":"thread","value":"5203@runnervmmtnos.main(1)"},{"name":"framework","value":"junit-platform"},{"name":"language","value":"java"},{"name":"package","value":"api.buildType.UpdateBuildTypeTest"},{"name":"testClass","value":"api.buildType.UpdateBuildTypeTest"},{"name":"testMethod","value":"userCanNotUpdateBuildTypeName"},{"name":"suite","value":"api.buildType.UpdateBuildTypeTest"},{"name":"resultFormat","value":"allure2"}],"parameters":[],"links":[],"hidden":false,"retry":false,"extra":{"severity":"normal","retries":[],"categories":[{"name":"Product defects","matchedStatuses":[],"flaky":false}],"history":{"statistic":{"failed":1,"broken":0,"skipped":0,"passed":1,"unknown":0,"total":2},"items":[{"uid":"a6485cac2cd46785","reportUrl":"https://get-offer-in-qa-auto.github.io/samurai-project/123/#testresult/a6485cac2cd46785","status":"passed","time":{"start":1768578093058,"stop":1768578093454,"duration":396}}]},"tags":[]},"source":"e55da4f19434b2ea.json","parameterValues":[]}