{"uid":"1edf42e9e94167df","name":"Администратор не может создать build configuration, имя существует","fullName":"ui.buildType.CreateBuildTypeTest.adminCanNotCreatedTypeManually","historyId":"ca3180f3a2c3e57694d1bde5ce74bafc","time":{"start":1768638083954,"stop":1768638091162,"duration":7208},"description":"","status":"failed","statusMessage":"Element not found {[id=\"buildTypeName\"]}\nExpected: visible\nScreenshot: file:/home/runner/work/samurai-project/samurai-project/build/reports/tests/1768638090692.2.png\nPage source: file:/home/runner/work/samurai-project/samurai-project/build/reports/tests/1768638090692.2.html\nTimeout: 4 s.\nCaused by: NoSuchElementException: no such element: Unable to locate element: {\"method\":\"css selector\",\"selector\":\"[id=\"buildTypeName\"]\"}","statusTrace":"Element not found {[id=\"buildTypeName\"]}\nExpected: visible\nScreenshot: file:/home/runner/work/samurai-project/samurai-project/build/reports/tests/1768638090692.2.png\nPage source: file:/home/runner/work/samurai-project/samurai-project/build/reports/tests/1768638090692.2.html\nTimeout: 4 s.\nCaused by: NoSuchElementException: no such element: Unable to locate element: {\"method\":\"css selector\",\"selector\":\"[id=\"buildTypeName\"]\"}\n\tat com.codeborne.selenide.impl.WebElementSource.createElementNotFoundError(WebElementSource.java:89)\n\tat com.codeborne.selenide.impl.ElementFinder.createElementNotFoundError(ElementFinder.java:129)\n\tat com.codeborne.selenide.impl.WebElementSource.handleError(WebElementSource.java:140)\n\tat com.codeborne.selenide.impl.WebElementSource.checkConditionAndReturnElement(WebElementSource.java:123)\n\tat com.codeborne.selenide.impl.WebElementSource.checkCondition(WebElementSource.java:99)\n\tat com.codeborne.selenide.commands.Should.execute(Should.java:24)\n\tat com.codeborne.selenide.FluentCommand.execute(FluentCommand.java:27)\n\tat com.codeborne.selenide.FluentCommand.execute(FluentCommand.java:19)\n\tat com.codeborne.selenide.commands.Commands.execute(Commands.java:160)\n\tat com.codeborne.selenide.impl.SelenideElementProxy.dispatchAndRetry(SelenideElementProxy.java:131)\n\tat com.codeborne.selenide.impl.SelenideElementProxy.invoke(SelenideElementProxy.java:83)\n\tat jdk.proxy2/jdk.proxy2.$Proxy52.shouldBe(Unknown Source)\n\tat ui.pages.buildType.CreateBuildTypePage.fillName(CreateBuildTypePage.java:59)\n\tat ui.pages.buildType.CreateBuildTypePage.createBuildTypeManually(CreateBuildTypePage.java:36)\n\tat ui.buildType.CreateBuildTypeTest.adminCanNotCreatedTypeManually(CreateBuildTypeTest.java:43)\n\tat java.base/java.lang.reflect.Method.invoke(Method.java:580)\n\tat java.base/java.util.ArrayList.forEach(ArrayList.java:1596)\n\tat java.base/java.util.ArrayList.forEach(ArrayList.java:1596)\nCaused by: org.openqa.selenium.NoSuchElementException: no such element: Unable to locate element: {\"method\":\"css selector\",\"selector\":\"[id=\"buildTypeName\"]\"}\n  (Session info: chrome=120.0.6099.129)\nFor documentation on this error, please visit: https://www.selenium.dev/documentation/webdriver/troubleshooting/errors#no-such-element-exception\nBuild info: version: '4.31.0', revision: '1ef9f18787*'\nSystem info: os.name: 'Linux', os.arch: 'amd64', os.version: '6.11.0-1018-azure', java.version: '21.0.9'\nDriver info: org.openqa.selenium.remote.RemoteWebDriver\nCommand: [cddf635ec08655d6c5a02934f33a04a9, findElement {using=css selector, value=[id=\"buildTypeName\"]}]\nCapabilities {acceptInsecureCerts: true, browserName: chrome, browserVersion: 120.0.6099.129, chrome: {chromedriverVersion: 120.0.6099.109 (3419140ab66..., userDataDir: /tmp/.org.chromium.Chromium...}, fedcm:accounts: true, goog:chromeOptions: {debuggerAddress: localhost:42485}, networkConnectionEnabled: false, pageLoadStrategy: normal, platformName: linux, proxy: Proxy(), se:cdp: ws://localhost:4444/devtool..., se:cdpVersion: 120.0.6099.129, setWindowRect: true, strictFileInteractability: false, timeouts: {implicit: 0, pageLoad: 300000, script: 30000}, unhandledPromptBehavior: accept, webauthn:extension:credBlob: true, webauthn:extension:largeBlob: true, webauthn:extension:minPinLength: true, webauthn:extension:prf: true, webauthn:virtualAuthenticators: true}\nSession ID: cddf635ec08655d6c5a02934f33a04a9\n\tat java.base/jdk.internal.reflect.DirectConstructorHandleAccessor.newInstance(DirectConstructorHandleAccessor.java:62)\n\tat java.base/java.lang.reflect.Constructor.newInstanceWithCaller(Constructor.java:502)\n\tat java.base/java.lang.reflect.Constructor.newInstance(Constructor.java:486)\n\tat org.openqa.selenium.remote.ErrorCodec.decode(ErrorCodec.java:167)\n\tat org.openqa.selenium.remote.codec.w3c.W3CHttpResponseCodec.decode(W3CHttpResponseCodec.java:138)\n\tat org.openqa.selenium.remote.codec.w3c.W3CHttpResponseCodec.decode(W3CHttpResponseCodec.java:50)\n\tat org.openqa.selenium.remote.HttpCommandExecutor.execute(HttpCommandExecutor.java:215)\n\tat org.openqa.selenium.remote.RemoteWebDriver.execute(RemoteWebDriver.java:545)\n\tat org.openqa.selenium.remote.ElementLocation$ElementFinder$2.findElement(ElementLocation.java:165)\n\tat org.openqa.selenium.remote.ElementLocation.findElement(ElementLocation.java:59)\n\tat org.openqa.selenium.remote.RemoteWebDriver.findElement(RemoteWebDriver.java:368)\n\tat org.openqa.selenium.remote.RemoteWebDriver.findElement(RemoteWebDriver.java:362)\n\tat com.codeborne.selenide.impl.WebElementSelector.findElement(WebElementSelector.java:67)\n\tat com.codeborne.selenide.impl.WebElementSelector.findElement(WebElementSelector.java:38)\n\tat com.codeborne.selenide.impl.WebElementSelector.findElement(WebElementSelector.java:29)\n\tat com.codeborne.selenide.impl.ElementFinder.getWebElement(ElementFinder.java:113)\n\tat com.codeborne.selenide.impl.WebElementSource.checkConditionAndReturnElement(WebElementSource.java:112)\n\t... 14 more\n","flaky":false,"newFailed":false,"newBroken":false,"newPassed":false,"retriesCount":0,"retriesStatusChange":false,"beforeStages":[],"testStage":{"description":"","status":"failed","statusMessage":"Element not found {[id=\"buildTypeName\"]}\nExpected: visible\nScreenshot: file:/home/runner/work/samurai-project/samurai-project/build/reports/tests/1768638090692.2.png\nPage source: file:/home/runner/work/samurai-project/samurai-project/build/reports/tests/1768638090692.2.html\nTimeout: 4 s.\nCaused by: NoSuchElementException: no such element: Unable to locate element: {\"method\":\"css selector\",\"selector\":\"[id=\"buildTypeName\"]\"}","statusTrace":"Element not found {[id=\"buildTypeName\"]}\nExpected: visible\nScreenshot: file:/home/runner/work/samurai-project/samurai-project/build/reports/tests/1768638090692.2.png\nPage source: file:/home/runner/work/samurai-project/samurai-project/build/reports/tests/1768638090692.2.html\nTimeout: 4 s.\nCaused by: NoSuchElementException: no such element: Unable to locate element: {\"method\":\"css selector\",\"selector\":\"[id=\"buildTypeName\"]\"}\n\tat com.codeborne.selenide.impl.WebElementSource.createElementNotFoundError(WebElementSource.java:89)\n\tat com.codeborne.selenide.impl.ElementFinder.createElementNotFoundError(ElementFinder.java:129)\n\tat com.codeborne.selenide.impl.WebElementSource.handleError(WebElementSource.java:140)\n\tat com.codeborne.selenide.impl.WebElementSource.checkConditionAndReturnElement(WebElementSource.java:123)\n\tat com.codeborne.selenide.impl.WebElementSource.checkCondition(WebElementSource.java:99)\n\tat com.codeborne.selenide.commands.Should.execute(Should.java:24)\n\tat com.codeborne.selenide.FluentCommand.execute(FluentCommand.java:27)\n\tat com.codeborne.selenide.FluentCommand.execute(FluentCommand.java:19)\n\tat com.codeborne.selenide.commands.Commands.execute(Commands.java:160)\n\tat com.codeborne.selenide.impl.SelenideElementProxy.dispatchAndRetry(SelenideElementProxy.java:131)\n\tat com.codeborne.selenide.impl.SelenideElementProxy.invoke(SelenideElementProxy.java:83)\n\tat jdk.proxy2/jdk.proxy2.$Proxy52.shouldBe(Unknown Source)\n\tat ui.pages.buildType.CreateBuildTypePage.fillName(CreateBuildTypePage.java:59)\n\tat ui.pages.buildType.CreateBuildTypePage.createBuildTypeManually(CreateBuildTypePage.java:36)\n\tat ui.buildType.CreateBuildTypeTest.adminCanNotCreatedTypeManually(CreateBuildTypeTest.java:43)\n\tat java.base/java.lang.reflect.Method.invoke(Method.java:580)\n\tat java.base/java.util.ArrayList.forEach(ArrayList.java:1596)\n\tat java.base/java.util.ArrayList.forEach(ArrayList.java:1596)\nCaused by: org.openqa.selenium.NoSuchElementException: no such element: Unable to locate element: {\"method\":\"css selector\",\"selector\":\"[id=\"buildTypeName\"]\"}\n  (Session info: chrome=120.0.6099.129)\nFor documentation on this error, please visit: https://www.selenium.dev/documentation/webdriver/troubleshooting/errors#no-such-element-exception\nBuild info: version: '4.31.0', revision: '1ef9f18787*'\nSystem info: os.name: 'Linux', os.arch: 'amd64', os.version: '6.11.0-1018-azure', java.version: '21.0.9'\nDriver info: org.openqa.selenium.remote.RemoteWebDriver\nCommand: [cddf635ec08655d6c5a02934f33a04a9, findElement {using=css selector, value=[id=\"buildTypeName\"]}]\nCapabilities {acceptInsecureCerts: true, browserName: chrome, browserVersion: 120.0.6099.129, chrome: {chromedriverVersion: 120.0.6099.109 (3419140ab66..., userDataDir: /tmp/.org.chromium.Chromium...}, fedcm:accounts: true, goog:chromeOptions: {debuggerAddress: localhost:42485}, networkConnectionEnabled: false, pageLoadStrategy: normal, platformName: linux, proxy: Proxy(), se:cdp: ws://localhost:4444/devtool..., se:cdpVersion: 120.0.6099.129, setWindowRect: true, strictFileInteractability: false, timeouts: {implicit: 0, pageLoad: 300000, script: 30000}, unhandledPromptBehavior: accept, webauthn:extension:credBlob: true, webauthn:extension:largeBlob: true, webauthn:extension:minPinLength: true, webauthn:extension:prf: true, webauthn:virtualAuthenticators: true}\nSession ID: cddf635ec08655d6c5a02934f33a04a9\n\tat java.base/jdk.internal.reflect.DirectConstructorHandleAccessor.newInstance(DirectConstructorHandleAccessor.java:62)\n\tat java.base/java.lang.reflect.Constructor.newInstanceWithCaller(Constructor.java:502)\n\tat java.base/java.lang.reflect.Constructor.newInstance(Constructor.java:486)\n\tat org.openqa.selenium.remote.ErrorCodec.decode(ErrorCodec.java:167)\n\tat org.openqa.selenium.remote.codec.w3c.W3CHttpResponseCodec.decode(W3CHttpResponseCodec.java:138)\n\tat org.openqa.selenium.remote.codec.w3c.W3CHttpResponseCodec.decode(W3CHttpResponseCodec.java:50)\n\tat org.openqa.selenium.remote.HttpCommandExecutor.execute(HttpCommandExecutor.java:215)\n\tat org.openqa.selenium.remote.RemoteWebDriver.execute(RemoteWebDriver.java:545)\n\tat org.openqa.selenium.remote.ElementLocation$ElementFinder$2.findElement(ElementLocation.java:165)\n\tat org.openqa.selenium.remote.ElementLocation.findElement(ElementLocation.java:59)\n\tat org.openqa.selenium.remote.RemoteWebDriver.findElement(RemoteWebDriver.java:368)\n\tat org.openqa.selenium.remote.RemoteWebDriver.findElement(RemoteWebDriver.java:362)\n\tat com.codeborne.selenide.impl.WebElementSelector.findElement(WebElementSelector.java:67)\n\tat com.codeborne.selenide.impl.WebElementSelector.findElement(WebElementSelector.java:38)\n\tat com.codeborne.selenide.impl.WebElementSelector.findElement(WebElementSelector.java:29)\n\tat com.codeborne.selenide.impl.ElementFinder.getWebElement(ElementFinder.java:113)\n\tat com.codeborne.selenide.impl.WebElementSource.checkConditionAndReturnElement(WebElementSource.java:112)\n\t... 14 more\n","steps":[{"name":"$(\"open\") http://teamcity-server:8111/","time":{"start":1768638083954,"stop":1768638084249,"duration":295},"status":"passed","steps":[],"attachments":[],"parameters":[],"stepsCount":0,"shouldDisplayMessage":false,"attachmentsCount":0,"hasContent":false,"attachmentStep":false},{"name":"$(\"refresh\") ","time":{"start":1768638084292,"stop":1768638084565,"duration":273},"status":"passed","steps":[],"attachments":[],"parameters":[],"stepsCount":0,"shouldDisplayMessage":false,"attachmentsCount":0,"hasContent":false,"attachmentStep":false},{"name":"POST запрос /projects","time":{"start":1768638084566,"stop":1768638084783,"duration":217},"status":"passed","steps":[],"attachments":[{"uid":"4c24db97fb2e8f67","name":"Request","source":"4c24db97fb2e8f67.html","type":"text/html","size":895},{"uid":"99fbbe65a3954e31","name":"HTTP/1.1 200 ","source":"99fbbe65a3954e31.html","type":"text/html","size":2248},{"uid":"3f30ec2a1b2930e7","name":"Screenshot: POST запрос /projects","source":"3f30ec2a1b2930e7.png","type":"image/png","size":15434}],"parameters":[],"stepsCount":0,"shouldDisplayMessage":false,"attachmentsCount":3,"hasContent":true,"attachmentStep":false},{"name":"POST запрос /buildTypes","time":{"start":1768638084786,"stop":1768638085060,"duration":274},"status":"passed","steps":[],"attachments":[{"uid":"f51feeaf89e119a4","name":"Request","source":"f51feeaf89e119a4.html","type":"text/html","size":969},{"uid":"2be85baf4519d88b","name":"HTTP/1.1 200 ","source":"2be85baf4519d88b.html","type":"text/html","size":3386},{"uid":"c776b5eda5808623","name":"Screenshot: POST запрос /buildTypes","source":"c776b5eda5808623.png","type":"image/png","size":40608}],"parameters":[],"stepsCount":0,"shouldDisplayMessage":false,"attachmentsCount":3,"hasContent":true,"attachmentStep":false},{"name":"GET запрос /buildTypes/{id} {id=vaFHBNiTHjubjISMgcZb_NewBuildNameoCzoZE}","time":{"start":1768638085062,"stop":1768638085256,"duration":194},"status":"passed","steps":[],"attachments":[{"uid":"84af57bda46089eb","name":"Request","source":"84af57bda46089eb.html","type":"text/html","size":590},{"uid":"eb409320690e4f1d","name":"HTTP/1.1 200 ","source":"eb409320690e4f1d.html","type":"text/html","size":3386},{"uid":"32f7fbf43d62740","name":"Screenshot: GET запрос /buildTypes/{id} {id=vaFHBNiTHjubjISMgcZb_NewBuildNameoCzoZE}","source":"32f7fbf43d62740.png","type":"image/png","size":41211}],"parameters":[],"stepsCount":0,"shouldDisplayMessage":false,"attachmentsCount":3,"hasContent":true,"attachmentStep":false},{"name":"$(\"open\") http://teamcity-server:8111/admin/createObjectMenu.html?projectId=vaFHBNiTHjubjISMgcZb&showMode=createBuildTypeMenu","time":{"start":1768638085258,"stop":1768638086406,"duration":1148},"status":"passed","steps":[],"attachments":[],"parameters":[],"stepsCount":0,"shouldDisplayMessage":false,"attachmentsCount":0,"hasContent":false,"attachmentStep":false},{"name":"$(\"a[data-url*='createBuildType.html']\") should be([visible, enabled])","time":{"start":1768638086407,"stop":1768638086453,"duration":46},"status":"passed","steps":[],"attachments":[],"parameters":[],"stepsCount":0,"shouldDisplayMessage":false,"attachmentsCount":0,"hasContent":false,"attachmentStep":false},{"name":"$(\"a[data-url*='createBuildType.html']\") click()","time":{"start":1768638086453,"stop":1768638086601,"duration":148},"status":"passed","steps":[],"attachments":[],"parameters":[],"stepsCount":0,"shouldDisplayMessage":false,"attachmentsCount":0,"hasContent":false,"attachmentStep":false},{"name":"$(\"[id=\"buildTypeName\"]\") should be([visible, enabled])","time":{"start":1768638086601,"stop":1768638090993,"duration":4392},"status":"failed","statusMessage":"Element not found {[id=\"buildTypeName\"]}\nExpected: visible\nScreenshot: file:/home/runner/work/samurai-project/samurai-project/build/reports/tests/1768638090692.2.png\nPage source: file:/home/runner/work/samurai-project/samurai-project/build/reports/tests/1768638090692.2.html\nTimeout: 4 s.\nCaused by: NoSuchElementException: no such element: Unable to locate element: {\"method\":\"css selector\",\"selector\":\"[id=\"buildTypeName\"]\"}","statusTrace":"Element not found {[id=\"buildTypeName\"]}\nExpected: visible\nScreenshot: file:/home/runner/work/samurai-project/samurai-project/build/reports/tests/1768638090692.2.png\nPage source: file:/home/runner/work/samurai-project/samurai-project/build/reports/tests/1768638090692.2.html\nTimeout: 4 s.\nCaused by: NoSuchElementException: no such element: Unable to locate element: {\"method\":\"css selector\",\"selector\":\"[id=\"buildTypeName\"]\"}\n\tat com.codeborne.selenide.impl.WebElementSource.createElementNotFoundError(WebElementSource.java:89)\n\tat com.codeborne.selenide.impl.ElementFinder.createElementNotFoundError(ElementFinder.java:129)\n\tat com.codeborne.selenide.impl.WebElementSource.handleError(WebElementSource.java:140)\n\tat com.codeborne.selenide.impl.WebElementSource.checkConditionAndReturnElement(WebElementSource.java:123)\n\tat com.codeborne.selenide.impl.WebElementSource.checkCondition(WebElementSource.java:99)\n\tat com.codeborne.selenide.commands.Should.execute(Should.java:24)\n\tat com.codeborne.selenide.FluentCommand.execute(FluentCommand.java:27)\n\tat com.codeborne.selenide.FluentCommand.execute(FluentCommand.java:19)\n\tat com.codeborne.selenide.commands.Commands.execute(Commands.java:160)\n\tat com.codeborne.selenide.impl.SelenideElementProxy.dispatchAndRetry(SelenideElementProxy.java:131)\n\tat com.codeborne.selenide.impl.SelenideElementProxy.invoke(SelenideElementProxy.java:83)\n\tat jdk.proxy2/jdk.proxy2.$Proxy52.shouldBe(Unknown Source)\n\tat ui.pages.buildType.CreateBuildTypePage.fillName(CreateBuildTypePage.java:59)\n\tat ui.pages.buildType.CreateBuildTypePage.createBuildTypeManually(CreateBuildTypePage.java:36)\n\tat ui.buildType.CreateBuildTypeTest.adminCanNotCreatedTypeManually(CreateBuildTypeTest.java:43)\n\tat java.base/jdk.internal.reflect.DirectMethodHandleAccessor.invoke(DirectMethodHandleAccessor.java:103)\n\tat java.base/java.lang.reflect.Method.invoke(Method.java:580)\n\tat org.junit.platform.commons.util.ReflectionUtils.invokeMethod(ReflectionUtils.java:728)\n\tat org.junit.jupiter.engine.execution.MethodInvocation.proceed(MethodInvocation.java:60)\n\tat org.junit.jupiter.engine.execution.InvocationInterceptorChain$ValidatingInvocation.proceed(InvocationInterceptorChain.java:131)\n\tat org.junit.jupiter.engine.extension.TimeoutExtension.intercept(TimeoutExtension.java:156)\n\tat org.junit.jupiter.engine.extension.TimeoutExtension.interceptTestableMethod(TimeoutExtension.java:147)\n\tat org.junit.jupiter.engine.extension.TimeoutExtension.interceptTestMethod(TimeoutExtension.java:86)\n\tat org.junit.jupiter.engine.execution.InterceptingExecutableInvoker$ReflectiveInterceptorCall.lambda$ofVoidMethod$0(InterceptingExecutableInvoker.java:103)\n\tat org.junit.jupiter.engine.execution.InterceptingExecutableInvoker.lambda$invoke$0(InterceptingExecutableInvoker.java:93)\n\tat org.junit.jupiter.engine.execution.InvocationInterceptorChain$InterceptedInvocation.proceed(InvocationInterceptorChain.java:106)\n\tat org.junit.jupiter.engine.execution.InvocationInterceptorChain.proceed(InvocationInterceptorChain.java:64)\n\tat org.junit.jupiter.engine.execution.InvocationInterceptorChain.chainAndInvoke(InvocationInterceptorChain.java:45)\n\tat org.junit.jupiter.engine.execution.InvocationInterceptorChain.invoke(InvocationInterceptorChain.java:37)\n\tat org.junit.jupiter.engine.execution.InterceptingExecutableInvoker.invoke(InterceptingExecutableInvoker.java:92)\n\tat org.junit.jupiter.engine.execution.InterceptingExecutableInvoker.invoke(InterceptingExecutableInvoker.java:86)\n\tat org.junit.jupiter.engine.descriptor.TestMethodTestDescriptor.lambda$invokeTestMethod$7(TestMethodTestDescriptor.java:218)\n\tat org.junit.platform.engine.support.hierarchical.ThrowableCollector.execute(ThrowableCollector.java:73)\n\tat org.junit.jupiter.engine.descriptor.TestMethodTestDescriptor.invokeTestMethod(TestMethodTestDescriptor.java:214)\n\tat org.junit.jupiter.engine.descriptor.TestMethodTestDescriptor.execute(TestMethodTestDescriptor.java:139)\n\tat org.junit.jupiter.engine.descriptor.TestMethodTestDescriptor.execute(TestMethodTestDescriptor.java:69)\n\tat org.junit.platform.engine.support.hierarchical.NodeTestTask.lambda$executeRecursively$6(NodeTestTask.java:151)\n\tat org.junit.platform.engine.support.hierarchical.ThrowableCollector.execute(ThrowableCollector.java:73)\n\tat org.junit.platform.engine.support.hierarchical.NodeTestTask.lambda$executeRecursively$8(NodeTestTask.java:141)\n\tat org.junit.platform.engine.support.hierarchical.Node.around(Node.java:137)\n\tat org.junit.platform.engine.support.hierarchical.NodeTestTask.lambda$executeRecursively$9(NodeTestTask.java:139)\n\tat org.junit.platform.engine.support.hierarchical.ThrowableCollector.execute(ThrowableCollector.java:73)\n\tat org.junit.platform.engine.support.hierarchical.NodeTestTask.executeRecursively(NodeTestTask.java:138)\n\tat org.junit.platform.engine.support.hierarchical.NodeTestTask.execute(NodeTestTask.java:95)\n\tat java.base/java.util.ArrayList.forEach(ArrayList.java:1596)\n\tat org.junit.platform.engine.support.hierarchical.SameThreadHierarchicalTestExecutorService.invokeAll(SameThreadHierarchicalTestExecutorService.java:41)\n\tat org.junit.platform.engine.support.hierarchical.NodeTestTask.lambda$executeRecursively$6(NodeTestTask.java:155)\n\tat org.junit.platform.engine.support.hierarchical.ThrowableCollector.execute(ThrowableCollector.java:73)\n\tat org.junit.platform.engine.support.hierarchical.NodeTestTask.lambda$executeRecursively$8(NodeTestTask.java:141)\n\tat org.junit.platform.engine.support.hierarchical.Node.around(Node.java:137)\n\tat org.junit.platform.engine.support.hierarchical.NodeTestTask.lambda$executeRecursively$9(NodeTestTask.java:139)\n\tat org.junit.platform.engine.support.hierarchical.ThrowableCollector.execute(ThrowableCollector.java:73)\n\tat org.junit.platform.engine.support.hierarchical.NodeTestTask.executeRecursively(NodeTestTask.java:138)\n\tat org.junit.platform.engine.support.hierarchical.NodeTestTask.execute(NodeTestTask.java:95)\n\tat java.base/java.util.ArrayList.forEach(ArrayList.java:1596)\n\tat org.junit.platform.engine.support.hierarchical.SameThreadHierarchicalTestExecutorService.invokeAll(SameThreadHierarchicalTestExecutorService.java:41)\n\tat org.junit.platform.engine.support.hierarchical.NodeTestTask.lambda$executeRecursively$6(NodeTestTask.java:155)\n\tat org.junit.platform.engine.support.hierarchical.ThrowableCollector.execute(ThrowableCollector.java:73)\n\tat org.junit.platform.engine.support.hierarchical.NodeTestTask.lambda$executeRecursively$8(NodeTestTask.java:141)\n\tat org.junit.platform.engine.support.hierarchical.Node.around(Node.java:137)\n\tat org.junit.platform.engine.support.hierarchical.NodeTestTask.lambda$executeRecursively$9(NodeTestTask.java:139)\n\tat org.junit.platform.engine.support.hierarchical.ThrowableCollector.execute(ThrowableCollector.java:73)\n\tat org.junit.platform.engine.support.hierarchical.NodeTestTask.executeRecursively(NodeTestTask.java:138)\n\tat org.junit.platform.engine.support.hierarchical.NodeTestTask.execute(NodeTestTask.java:95)\n\tat org.junit.platform.engine.support.hierarchical.SameThreadHierarchicalTestExecutorService.submit(SameThreadHierarchicalTestExecutorService.java:35)\n\tat org.junit.platform.engine.support.hierarchical.HierarchicalTestExecutor.execute(HierarchicalTestExecutor.java:57)\n\tat org.junit.platform.engine.support.hierarchical.HierarchicalTestEngine.execute(HierarchicalTestEngine.java:54)\n\tat org.junit.platform.launcher.core.EngineExecutionOrchestrator.execute(EngineExecutionOrchestrator.java:198)\n\tat org.junit.platform.launcher.core.EngineExecutionOrchestrator.execute(EngineExecutionOrchestrator.java:169)\n\tat org.junit.platform.launcher.core.EngineExecutionOrchestrator.execute(EngineExecutionOrchestrator.java:93)\n\tat org.junit.platform.launcher.core.EngineExecutionOrchestrator.lambda$execute$0(EngineExecutionOrchestrator.java:58)\n\tat org.junit.platform.launcher.core.EngineExecutionOrchestrator.withInterceptedStreams(EngineExecutionOrchestrator.java:141)\n\tat org.junit.platform.launcher.core.EngineExecutionOrchestrator.execute(EngineExecutionOrchestrator.java:57)\n\tat org.junit.platform.launcher.core.DefaultLauncher.execute(DefaultLauncher.java:103)\n\tat org.junit.platform.launcher.core.DefaultLauncher.execute(DefaultLauncher.java:85)\n\tat org.junit.platform.launcher.core.DelegatingLauncher.execute(DelegatingLauncher.java:47)\n\tat org.apache.maven.surefire.junitplatform.LazyLauncher.execute(LazyLauncher.java:56)\n\tat org.apache.maven.surefire.junitplatform.JUnitPlatformProvider.execute(JUnitPlatformProvider.java:184)\n\tat org.apache.maven.surefire.junitplatform.JUnitPlatformProvider.invokeAllTests(JUnitPlatformProvider.java:148)\n\tat org.apache.maven.surefire.junitplatform.JUnitPlatformProvider.invoke(JUnitPlatformProvider.java:122)\n\tat org.apache.maven.surefire.booter.ForkedBooter.runSuitesInProcess(ForkedBooter.java:385)\n\tat org.apache.maven.surefire.booter.ForkedBooter.execute(ForkedBooter.java:162)\n\tat org.apache.maven.surefire.booter.ForkedBooter.run(ForkedBooter.java:507)\n\tat org.apache.maven.surefire.booter.ForkedBooter.main(ForkedBooter.java:495)\nCaused by: org.openqa.selenium.NoSuchElementException: no such element: Unable to locate element: {\"method\":\"css selector\",\"selector\":\"[id=\"buildTypeName\"]\"}\n  (Session info: chrome=120.0.6099.129)\nFor documentation on this error, please visit: https://www.selenium.dev/documentation/webdriver/troubleshooting/errors#no-such-element-exception\nBuild info: version: '4.31.0', revision: '1ef9f18787*'\nSystem info: os.name: 'Linux', os.arch: 'amd64', os.version: '6.11.0-1018-azure', java.version: '21.0.9'\nDriver info: org.openqa.selenium.remote.RemoteWebDriver\nCommand: [cddf635ec08655d6c5a02934f33a04a9, findElement {using=css selector, value=[id=\"buildTypeName\"]}]\nCapabilities {acceptInsecureCerts: true, browserName: chrome, browserVersion: 120.0.6099.129, chrome: {chromedriverVersion: 120.0.6099.109 (3419140ab66..., userDataDir: /tmp/.org.chromium.Chromium...}, fedcm:accounts: true, goog:chromeOptions: {debuggerAddress: localhost:42485}, networkConnectionEnabled: false, pageLoadStrategy: normal, platformName: linux, proxy: Proxy(), se:cdp: ws://localhost:4444/devtool..., se:cdpVersion: 120.0.6099.129, setWindowRect: true, strictFileInteractability: false, timeouts: {implicit: 0, pageLoad: 300000, script: 30000}, unhandledPromptBehavior: accept, webauthn:extension:credBlob: true, webauthn:extension:largeBlob: true, webauthn:extension:minPinLength: true, webauthn:extension:prf: true, webauthn:virtualAuthenticators: true}\nSession ID: cddf635ec08655d6c5a02934f33a04a9\n\tat java.base/jdk.internal.reflect.DirectConstructorHandleAccessor.newInstance(DirectConstructorHandleAccessor.java:62)\n\tat java.base/java.lang.reflect.Constructor.newInstanceWithCaller(Constructor.java:502)\n\tat java.base/java.lang.reflect.Constructor.newInstance(Constructor.java:486)\n\tat org.openqa.selenium.remote.ErrorCodec.decode(ErrorCodec.java:167)\n\tat org.openqa.selenium.remote.codec.w3c.W3CHttpResponseCodec.decode(W3CHttpResponseCodec.java:138)\n\tat org.openqa.selenium.remote.codec.w3c.W3CHttpResponseCodec.decode(W3CHttpResponseCodec.java:50)\n\tat org.openqa.selenium.remote.HttpCommandExecutor.execute(HttpCommandExecutor.java:215)\n\tat org.openqa.selenium.remote.RemoteWebDriver.execute(RemoteWebDriver.java:545)\n\tat org.openqa.selenium.remote.ElementLocation$ElementFinder$2.findElement(ElementLocation.java:165)\n\tat org.openqa.selenium.remote.ElementLocation.findElement(ElementLocation.java:59)\n\tat org.openqa.selenium.remote.RemoteWebDriver.findElement(RemoteWebDriver.java:368)\n\tat org.openqa.selenium.remote.RemoteWebDriver.findElement(RemoteWebDriver.java:362)\n\tat com.codeborne.selenide.impl.WebElementSelector.findElement(WebElementSelector.java:67)\n\tat com.codeborne.selenide.impl.WebElementSelector.findElement(WebElementSelector.java:38)\n\tat com.codeborne.selenide.impl.WebElementSelector.findElement(WebElementSelector.java:29)\n\tat com.codeborne.selenide.impl.ElementFinder.getWebElement(ElementFinder.java:113)\n\tat com.codeborne.selenide.impl.WebElementSource.checkConditionAndReturnElement(WebElementSource.java:112)\n\t... 80 more\n","steps":[],"attachments":[{"uid":"b535e096cf8ce56","name":"Screenshot","source":"b535e096cf8ce56.png","type":"image/png","size":103017}],"parameters":[],"stepsCount":0,"shouldDisplayMessage":true,"attachmentsCount":1,"hasContent":true,"attachmentStep":false},{"name":"DELETE запрос /projects/{id} {id=vaFHBNiTHjubjISMgcZb}","time":{"start":1768638090994,"stop":1768638091161,"duration":167},"status":"passed","steps":[],"attachments":[{"uid":"3de3770361bd7dca","name":"Request","source":"3de3770361bd7dca.html","type":"text/html","size":554},{"uid":"f6f3b95996cf28e3","name":"HTTP/1.1 204 ","source":"f6f3b95996cf28e3.html","type":"text/html","size":478},{"uid":"d9f586e445331153","name":"Screenshot: DELETE запрос /projects/{id} {id=vaFHBNiTHjubjISMgcZb}","source":"d9f586e445331153.png","type":"image/png","size":102994}],"parameters":[],"stepsCount":0,"shouldDisplayMessage":false,"attachmentsCount":3,"hasContent":true,"attachmentStep":false}],"attachments":[{"uid":"40b66e3753e0f045","name":"Request","source":"40b66e3753e0f045.html","type":"text/html","size":500},{"uid":"9da5c58c606f292","name":"HTTP/1.1 200 ","source":"9da5c58c606f292.html","type":"text/html","size":634}],"parameters":[],"stepsCount":10,"shouldDisplayMessage":false,"attachmentsCount":15,"hasContent":true,"attachmentStep":false},"afterStages":[],"labels":[{"name":"junit.platform.uniqueid","value":"[engine:junit-jupiter]/[class:ui.buildType.CreateBuildTypeTest]/[method:adminCanNotCreatedTypeManually()]"},{"name":"host","value":"runnervmmtnos"},{"name":"thread","value":"5225@runnervmmtnos.main(1)"},{"name":"framework","value":"junit-platform"},{"name":"language","value":"java"},{"name":"package","value":"ui.buildType.CreateBuildTypeTest"},{"name":"testClass","value":"ui.buildType.CreateBuildTypeTest"},{"name":"testMethod","value":"adminCanNotCreatedTypeManually"},{"name":"suite","value":"ui.buildType.CreateBuildTypeTest"},{"name":"resultFormat","value":"allure2"}],"parameters":[],"links":[],"hidden":false,"retry":false,"extra":{"severity":"normal","retries":[],"categories":[{"name":"Product defects","matchedStatuses":[],"flaky":false}],"history":{"statistic":{"failed":7,"broken":0,"skipped":0,"passed":2,"unknown":0,"total":9},"items":[{"uid":"b91dde020f4f2a32","reportUrl":"https://get-offer-in-qa-auto.github.io/samurai-project/135/#testresult/b91dde020f4f2a32","status":"failed","statusDetails":"Element not found {[id=\"buildTypeName\"]}\nExpected: visible\nScreenshot: file:/home/runner/work/samurai-project/samurai-project/build/reports/tests/1768637022714.3.png\nPage source: file:/home/runner/work/samurai-project/samurai-project/build/reports/tests/1768637022714.3.html\nTimeout: 4 s.\nCaused by: NoSuchElementException: no such element: Unable to locate element: {\"method\":\"css selector\",\"selector\":\"[id=\"buildTypeName\"]\"}","time":{"start":1768637016036,"stop":1768637023181,"duration":7145}},{"uid":"e89cf785ddaa5c2e","reportUrl":"https://get-offer-in-qa-auto.github.io/samurai-project/134/#testresult/e89cf785ddaa5c2e","status":"failed","statusDetails":"Element not found {[id=\"buildTypeName\"]}\nExpected: editable\nScreenshot: file:/home/runner/work/samurai-project/samurai-project/build/reports/tests/1768591122199.3.png\nPage source: file:/home/runner/work/samurai-project/samurai-project/build/reports/tests/1768591122199.3.html\nTimeout: 4 s.\nCaused by: NoSuchElementException: no such element: Unable to locate element: {\"method\":\"css selector\",\"selector\":\"[id=\"buildTypeName\"]\"}","time":{"start":1768591115218,"stop":1768591122654,"duration":7436}},{"uid":"453943f5bc60687","reportUrl":"https://get-offer-in-qa-auto.github.io/samurai-project/133/#testresult/453943f5bc60687","status":"failed","statusDetails":"Element not found {[id=\"buildTypeName\"]}\nExpected: visible\nScreenshot: file:/home/runner/work/samurai-project/samurai-project/build/reports/tests/1768590249551.3.png\nPage source: file:/home/runner/work/samurai-project/samurai-project/build/reports/tests/1768590249551.3.html\nTimeout: 4 s.\nCaused by: NoSuchElementException: no such element: Unable to locate element: {\"method\":\"css selector\",\"selector\":\"[id=\"buildTypeName\"]\"}","time":{"start":1768590242894,"stop":1768590250005,"duration":7111}},{"uid":"55f931f34f230705","reportUrl":"https://get-offer-in-qa-auto.github.io/samurai-project/132/#testresult/55f931f34f230705","status":"failed","statusDetails":"Element not found {[id=\"buildTypeName\"]}\nExpected: visible\nScreenshot: file:/home/runner/work/samurai-project/samurai-project/build/reports/tests/1768589291168.3.png\nPage source: file:/home/runner/work/samurai-project/samurai-project/build/reports/tests/1768589291168.3.html\nTimeout: 4 s.\nCaused by: NoSuchElementException: no such element: Unable to locate element: {\"method\":\"css selector\",\"selector\":\"[id=\"buildTypeName\"]\"}","time":{"start":1768589284519,"stop":1768589291617,"duration":7098}},{"uid":"34240ec4cc3be4f3","reportUrl":"https://get-offer-in-qa-auto.github.io/samurai-project/131/#testresult/34240ec4cc3be4f3","status":"passed","time":{"start":1768588035035,"stop":1768588038698,"duration":3663}},{"uid":"d3b426239074b25a","reportUrl":"https://get-offer-in-qa-auto.github.io/samurai-project/130/#testresult/d3b426239074b25a","status":"passed","time":{"start":1768585810517,"stop":1768585813824,"duration":3307}},{"uid":"e3b9de15cd970f26","reportUrl":"https://get-offer-in-qa-auto.github.io/samurai-project/129/#testresult/e3b9de15cd970f26","status":"failed","statusDetails":"Element not found {[id=\"buildTypeName\"]}\nExpected: visible\nScreenshot: file:/home/runner/work/samurai-project/samurai-project/build/reports/tests/1768584866195.3.png\nPage source: file:/home/runner/work/samurai-project/samurai-project/build/reports/tests/1768584866195.3.html\nTimeout: 4 s.\nCaused by: NoSuchElementException: no such element: Unable to locate element: {\"method\":\"css selector\",\"selector\":\"[id=\"buildTypeName\"]\"}","time":{"start":1768584859159,"stop":1768584866666,"duration":7507}},{"uid":"e6db2f9214f224","reportUrl":"https://get-offer-in-qa-auto.github.io/samurai-project/127/#testresult/e6db2f9214f224","status":"failed","statusDetails":"Element not found {a[data-url*='createBuildType.html']}\nExpected: visible\nScreenshot: file:/home/runner/work/samurai-project/samurai-project/build/reports/tests/1768583670528.12.png\nPage source: file:/home/runner/work/samurai-project/samurai-project/build/reports/tests/1768583670528.12.html\nTimeout: 4 s.\nCaused by: NoSuchElementException: no such element: Unable to locate element: {\"method\":\"css selector\",\"selector\":\"a[data-url*='createBuildType.html']\"}","time":{"start":1768583665578,"stop":1768583670908,"duration":5330}}]},"tags":[]},"source":"1edf42e9e94167df.json","parameterValues":[]}